<?xml version="1.0" encoding="UTF-8"?>
<testsuite xmlns:xsi="http://www.w3.org/2001/XMLSchema-instance" xsi:noNamespaceSchemaLocation="https://maven.apache.org/surefire/maven-surefire-plugin/xsd/surefire-test-report.xsd" name="TestSuite" time="364.98" tests="109" errors="0" skipped="7" failures="3">
  <properties>
    <property name="sun.desktop" value="windows"/>
    <property name="awt.toolkit" value="sun.awt.windows.WToolkit"/>
    <property name="java.specification.version" value="11"/>
    <property name="sun.cpu.isalist" value="amd64"/>
    <property name="sun.jnu.encoding" value="Cp1252"/>
    <property name="java.class.path" value="E:\Setup\Maven Project\com.bankguru.framework\target\test-classes;E:\Setup\Maven Project\com.bankguru.framework\target\classes;C:\Users\Admin\.m2\repository\org\testng\testng\6.14.3\testng-6.14.3.jar;C:\Users\Admin\.m2\repository\com\beust\jcommander\1.72\jcommander-1.72.jar;C:\Users\Admin\.m2\repository\org\apache-extras\beanshell\bsh\2.0b6\bsh-2.0b6.jar;C:\Users\Admin\.m2\repository\org\seleniumhq\selenium\selenium-java\4.11.0\selenium-java-4.11.0.jar;C:\Users\Admin\.m2\repository\org\seleniumhq\selenium\selenium-api\4.11.0\selenium-api-4.11.0.jar;C:\Users\Admin\.m2\repository\org\seleniumhq\selenium\selenium-chrome-driver\4.11.0\selenium-chrome-driver-4.11.0.jar;C:\Users\Admin\.m2\repository\org\seleniumhq\selenium\selenium-chromium-driver\4.11.0\selenium-chromium-driver-4.11.0.jar;C:\Users\Admin\.m2\repository\org\seleniumhq\selenium\selenium-manager\4.11.0\selenium-manager-4.11.0.jar;C:\Users\Admin\.m2\repository\org\seleniumhq\selenium\selenium-devtools-v113\4.11.0\selenium-devtools-v113-4.11.0.jar;C:\Users\Admin\.m2\repository\org\seleniumhq\selenium\selenium-devtools-v114\4.11.0\selenium-devtools-v114-4.11.0.jar;C:\Users\Admin\.m2\repository\org\seleniumhq\selenium\selenium-devtools-v115\4.11.0\selenium-devtools-v115-4.11.0.jar;C:\Users\Admin\.m2\repository\org\seleniumhq\selenium\selenium-devtools-v85\4.11.0\selenium-devtools-v85-4.11.0.jar;C:\Users\Admin\.m2\repository\org\seleniumhq\selenium\selenium-edge-driver\4.11.0\selenium-edge-driver-4.11.0.jar;C:\Users\Admin\.m2\repository\org\seleniumhq\selenium\selenium-firefox-driver\4.11.0\selenium-firefox-driver-4.11.0.jar;C:\Users\Admin\.m2\repository\org\seleniumhq\selenium\selenium-http\4.11.0\selenium-http-4.11.0.jar;C:\Users\Admin\.m2\repository\dev\failsafe\failsafe\3.3.1\failsafe-3.3.1.jar;C:\Users\Admin\.m2\repository\org\seleniumhq\selenium\selenium-ie-driver\4.11.0\selenium-ie-driver-4.11.0.jar;C:\Users\Admin\.m2\repository\org\seleniumhq\selenium\selenium-remote-driver\4.11.0\selenium-remote-driver-4.11.0.jar;C:\Users\Admin\.m2\repository\io\netty\netty-buffer\4.1.92.Final\netty-buffer-4.1.92.Final.jar;C:\Users\Admin\.m2\repository\io\netty\netty-codec-http\4.1.92.Final\netty-codec-http-4.1.92.Final.jar;C:\Users\Admin\.m2\repository\io\netty\netty-codec\4.1.92.Final\netty-codec-4.1.92.Final.jar;C:\Users\Admin\.m2\repository\io\netty\netty-handler\4.1.92.Final\netty-handler-4.1.92.Final.jar;C:\Users\Admin\.m2\repository\io\netty\netty-common\4.1.92.Final\netty-common-4.1.92.Final.jar;C:\Users\Admin\.m2\repository\io\netty\netty-transport-classes-epoll\4.1.92.Final\netty-transport-classes-epoll-4.1.92.Final.jar;C:\Users\Admin\.m2\repository\io\netty\netty-transport-classes-kqueue\4.1.92.Final\netty-transport-classes-kqueue-4.1.92.Final.jar;C:\Users\Admin\.m2\repository\io\netty\netty-transport-native-epoll\4.1.92.Final\netty-transport-native-epoll-4.1.92.Final.jar;C:\Users\Admin\.m2\repository\io\netty\netty-transport-native-kqueue\4.1.92.Final\netty-transport-native-kqueue-4.1.92.Final.jar;C:\Users\Admin\.m2\repository\io\netty\netty-transport-native-unix-common\4.1.92.Final\netty-transport-native-unix-common-4.1.92.Final.jar;C:\Users\Admin\.m2\repository\io\netty\netty-transport\4.1.92.Final\netty-transport-4.1.92.Final.jar;C:\Users\Admin\.m2\repository\io\netty\netty-resolver\4.1.92.Final\netty-resolver-4.1.92.Final.jar;C:\Users\Admin\.m2\repository\io\opentelemetry\opentelemetry-api\1.26.0\opentelemetry-api-1.26.0.jar;C:\Users\Admin\.m2\repository\io\opentelemetry\opentelemetry-context\1.26.0\opentelemetry-context-1.26.0.jar;C:\Users\Admin\.m2\repository\io\opentelemetry\opentelemetry-exporter-logging\1.26.0\opentelemetry-exporter-logging-1.26.0.jar;C:\Users\Admin\.m2\repository\io\opentelemetry\opentelemetry-sdk-metrics\1.26.0\opentelemetry-sdk-metrics-1.26.0.jar;C:\Users\Admin\.m2\repository\io\opentelemetry\opentelemetry-extension-incubator\1.26.0-alpha\opentelemetry-extension-incubator-1.26.0-alpha.jar;C:\Users\Admin\.m2\repository\io\opentelemetry\opentelemetry-sdk-logs\1.26.0-alpha\opentelemetry-sdk-logs-1.26.0-alpha.jar;C:\Users\Admin\.m2\repository\io\opentelemetry\opentelemetry-api-logs\1.26.0-alpha\opentelemetry-api-logs-1.26.0-alpha.jar;C:\Users\Admin\.m2\repository\io\opentelemetry\opentelemetry-api-events\1.26.0-alpha\opentelemetry-api-events-1.26.0-alpha.jar;C:\Users\Admin\.m2\repository\io\opentelemetry\opentelemetry-sdk-common\1.26.0\opentelemetry-sdk-common-1.26.0.jar;C:\Users\Admin\.m2\repository\io\opentelemetry\opentelemetry-sdk-extension-autoconfigure-spi\1.26.0\opentelemetry-sdk-extension-autoconfigure-spi-1.26.0.jar;C:\Users\Admin\.m2\repository\io\opentelemetry\opentelemetry-sdk-extension-autoconfigure\1.26.0-alpha\opentelemetry-sdk-extension-autoconfigure-1.26.0-alpha.jar;C:\Users\Admin\.m2\repository\io\opentelemetry\opentelemetry-sdk-trace\1.26.0\opentelemetry-sdk-trace-1.26.0.jar;C:\Users\Admin\.m2\repository\io\opentelemetry\opentelemetry-sdk\1.26.0\opentelemetry-sdk-1.26.0.jar;C:\Users\Admin\.m2\repository\io\opentelemetry\opentelemetry-semconv\1.26.0-alpha\opentelemetry-semconv-1.26.0-alpha.jar;C:\Users\Admin\.m2\repository\org\apache\commons\commons-exec\1.3\commons-exec-1.3.jar;C:\Users\Admin\.m2\repository\org\asynchttpclient\async-http-client\2.12.3\async-http-client-2.12.3.jar;C:\Users\Admin\.m2\repository\org\asynchttpclient\async-http-client-netty-utils\2.12.3\async-http-client-netty-utils-2.12.3.jar;C:\Users\Admin\.m2\repository\io\netty\netty-codec-socks\4.1.60.Final\netty-codec-socks-4.1.60.Final.jar;C:\Users\Admin\.m2\repository\io\netty\netty-handler-proxy\4.1.60.Final\netty-handler-proxy-4.1.60.Final.jar;C:\Users\Admin\.m2\repository\io\netty\netty-transport-native-epoll\4.1.60.Final\netty-transport-native-epoll-4.1.60.Final-linux-x86_64.jar;C:\Users\Admin\.m2\repository\io\netty\netty-transport-native-kqueue\4.1.60.Final\netty-transport-native-kqueue-4.1.60.Final-osx-x86_64.jar;C:\Users\Admin\.m2\repository\org\reactivestreams\reactive-streams\1.0.3\reactive-streams-1.0.3.jar;C:\Users\Admin\.m2\repository\com\typesafe\netty\netty-reactive-streams\2.0.4\netty-reactive-streams-2.0.4.jar;C:\Users\Admin\.m2\repository\com\sun\activation\jakarta.activation\1.2.2\jakarta.activation-1.2.2.jar;C:\Users\Admin\.m2\repository\org\seleniumhq\selenium\selenium-safari-driver\4.11.0\selenium-safari-driver-4.11.0.jar;C:\Users\Admin\.m2\repository\org\seleniumhq\selenium\selenium-support\4.11.0\selenium-support-4.11.0.jar;C:\Users\Admin\.m2\repository\com\google\auto\service\auto-service-annotations\1.0.1\auto-service-annotations-1.0.1.jar;C:\Users\Admin\.m2\repository\com\google\guava\guava\31.1-jre\guava-31.1-jre.jar;C:\Users\Admin\.m2\repository\com\google\guava\failureaccess\1.0.1\failureaccess-1.0.1.jar;C:\Users\Admin\.m2\repository\com\google\guava\listenablefuture\9999.0-empty-to-avoid-conflict-with-guava\listenablefuture-9999.0-empty-to-avoid-conflict-with-guava.jar;C:\Users\Admin\.m2\repository\com\google\code\findbugs\jsr305\3.0.2\jsr305-3.0.2.jar;C:\Users\Admin\.m2\repository\org\checkerframework\checker-qual\3.12.0\checker-qual-3.12.0.jar;C:\Users\Admin\.m2\repository\com\google\errorprone\error_prone_annotations\2.11.0\error_prone_annotations-2.11.0.jar;C:\Users\Admin\.m2\repository\com\google\j2objc\j2objc-annotations\1.3\j2objc-annotations-1.3.jar;C:\Users\Admin\.m2\repository\net\bytebuddy\byte-buddy\1.14.4\byte-buddy-1.14.4.jar;C:\Users\Admin\.m2\repository\org\seleniumhq\selenium\selenium-json\4.11.0\selenium-json-4.11.0.jar;C:\Users\Admin\.m2\repository\io\github\bonigarcia\webdrivermanager\5.3.1\webdrivermanager-5.3.1.jar;C:\Users\Admin\.m2\repository\com\google\code\gson\gson\2.10\gson-2.10.jar;C:\Users\Admin\.m2\repository\com\github\docker-java\docker-java\3.2.13\docker-java-3.2.13.jar;C:\Users\Admin\.m2\repository\com\github\docker-java\docker-java-core\3.2.13\docker-java-core-3.2.13.jar;C:\Users\Admin\.m2\repository\com\github\docker-java\docker-java-api\3.2.13\docker-java-api-3.2.13.jar;C:\Users\Admin\.m2\repository\commons-io\commons-io\2.6\commons-io-2.6.jar;C:\Users\Admin\.m2\repository\org\apache\commons\commons-compress\1.21\commons-compress-1.21.jar;C:\Users\Admin\.m2\repository\org\bouncycastle\bcpkix-jdk15on\1.64\bcpkix-jdk15on-1.64.jar;C:\Users\Admin\.m2\repository\org\bouncycastle\bcprov-jdk15on\1.64\bcprov-jdk15on-1.64.jar;C:\Users\Admin\.m2\repository\com\github\docker-java\docker-java-transport-httpclient5\3.2.13\docker-java-transport-httpclient5-3.2.13.jar;C:\Users\Admin\.m2\repository\com\github\docker-java\docker-java-transport\3.2.13\docker-java-transport-3.2.13.jar;C:\Users\Admin\.m2\repository\net\java\dev\jna\jna\5.8.0\jna-5.8.0.jar;C:\Users\Admin\.m2\repository\org\brotli\dec\0.1.2\dec-0.1.2.jar;C:\Users\Admin\.m2\repository\org\apache\commons\commons-lang3\3.12.0\commons-lang3-3.12.0.jar;C:\Users\Admin\.m2\repository\org\apache\httpcomponents\client5\httpclient5\5.1.3\httpclient5-5.1.3.jar;C:\Users\Admin\.m2\repository\org\apache\httpcomponents\core5\httpcore5\5.1.3\httpcore5-5.1.3.jar;C:\Users\Admin\.m2\repository\org\apache\httpcomponents\core5\httpcore5-h2\5.1.3\httpcore5-h2-5.1.3.jar;C:\Users\Admin\.m2\repository\commons-codec\commons-codec\1.15\commons-codec-1.15.jar;C:\Users\Admin\.m2\repository\com\fasterxml\jackson\core\jackson-core\2.10.0\jackson-core-2.10.0.jar;C:\Users\Admin\.m2\repository\com\fasterxml\jackson\core\jackson-databind\2.10.0\jackson-databind-2.10.0.jar;C:\Users\Admin\.m2\repository\com\fasterxml\jackson\core\jackson-annotations\2.10.0\jackson-annotations-2.10.0.jar;C:\Users\Admin\.m2\repository\io\qameta\allure\allure-testng\2.18.1\allure-testng-2.18.1.jar;C:\Users\Admin\.m2\repository\io\qameta\allure\allure-java-commons\2.18.1\allure-java-commons-2.18.1.jar;C:\Users\Admin\.m2\repository\io\qameta\allure\allure-model\2.18.1\allure-model-2.18.1.jar;C:\Users\Admin\.m2\repository\io\qameta\allure\allure-test-filter\2.18.1\allure-test-filter-2.18.1.jar;C:\Users\Admin\.m2\repository\joda-time\joda-time\2.0\joda-time-2.0.jar;C:\Users\Admin\.m2\repository\org\slf4j\slf4j-api\1.7.24\slf4j-api-1.7.24.jar;C:\Users\Admin\.m2\repository\velocity\velocity-dep\1.4\velocity-dep-1.4.jar;C:\Users\Admin\.m2\repository\com\google\inject\guice\4.1.0\guice-4.1.0.jar;C:\Users\Admin\.m2\repository\javax\inject\javax.inject\1\javax.inject-1.jar;C:\Users\Admin\.m2\repository\aopalliance\aopalliance\1.0\aopalliance-1.0.jar;C:\Users\Admin\.m2\repository\commons-logging\commons-logging\1.2\commons-logging-1.2.jar;C:\Users\Admin\.m2\repository\com\github\javafaker\javafaker\1.0.1\javafaker-1.0.1.jar;C:\Users\Admin\.m2\repository\org\yaml\snakeyaml\1.23\snakeyaml-1.23-android.jar;C:\Users\Admin\.m2\repository\com\github\mifmif\generex\1.0.2\generex-1.0.2.jar;C:\Users\Admin\.m2\repository\dk\brics\automaton\automaton\1.11-8\automaton-1.11-8.jar;C:\Users\Admin\.m2\repository\org\aspectj\aspectjweaver\1.9.8\aspectjweaver-1.9.8.jar;C:\Users\Admin\.m2\repository\org\projectlombok\lombok\1.18.24\lombok-1.18.24.jar;C:\Users\Admin\.m2\repository\org\aeonbits\owner\owner\1.0.12\owner-1.0.12.jar;C:\Users\Admin\.m2\repository\org\apache\logging\log4j\log4j-core\2.20.0\log4j-core-2.20.0.jar;C:\Users\Admin\.m2\repository\org\apache\logging\log4j\log4j-api\2.20.0\log4j-api-2.20.0.jar;"/>
    <property name="java.vm.vendor" value="Oracle Corporation"/>
    <property name="sun.arch.data.model" value="64"/>
    <property name="user.variant" value=""/>
    <property name="java.vendor.url" value="https://openjdk.java.net/"/>
    <property name="user.timezone" value="Asia/Bangkok"/>
    <property name="java.vm.specification.version" value="11"/>
    <property name="os.name" value="Windows 10"/>
    <property name="sun.java.launcher" value="SUN_STANDARD"/>
    <property name="user.country" value="US"/>
    <property name="sun.boot.library.path" value="C:\Program Files\Java\jdk-11.0.14\bin"/>
    <property name="sun.java.command" value="C:\Users\Admin\AppData\Local\Temp\surefire5254888887108362442\surefirebooter16679737232566265158.jar C:\Users\Admin\AppData\Local\Temp\surefire5254888887108362442 2023-10-05T21-47-51_945-jvmRun1 surefire10034567135201633506tmp surefire_07518407275818359419tmp"/>
    <property name="jdk.debug" value="release"/>
    <property name="surefire.test.class.path" value="E:\Setup\Maven Project\com.bankguru.framework\target\test-classes;E:\Setup\Maven Project\com.bankguru.framework\target\classes;C:\Users\Admin\.m2\repository\org\testng\testng\6.14.3\testng-6.14.3.jar;C:\Users\Admin\.m2\repository\com\beust\jcommander\1.72\jcommander-1.72.jar;C:\Users\Admin\.m2\repository\org\apache-extras\beanshell\bsh\2.0b6\bsh-2.0b6.jar;C:\Users\Admin\.m2\repository\org\seleniumhq\selenium\selenium-java\4.11.0\selenium-java-4.11.0.jar;C:\Users\Admin\.m2\repository\org\seleniumhq\selenium\selenium-api\4.11.0\selenium-api-4.11.0.jar;C:\Users\Admin\.m2\repository\org\seleniumhq\selenium\selenium-chrome-driver\4.11.0\selenium-chrome-driver-4.11.0.jar;C:\Users\Admin\.m2\repository\org\seleniumhq\selenium\selenium-chromium-driver\4.11.0\selenium-chromium-driver-4.11.0.jar;C:\Users\Admin\.m2\repository\org\seleniumhq\selenium\selenium-manager\4.11.0\selenium-manager-4.11.0.jar;C:\Users\Admin\.m2\repository\org\seleniumhq\selenium\selenium-devtools-v113\4.11.0\selenium-devtools-v113-4.11.0.jar;C:\Users\Admin\.m2\repository\org\seleniumhq\selenium\selenium-devtools-v114\4.11.0\selenium-devtools-v114-4.11.0.jar;C:\Users\Admin\.m2\repository\org\seleniumhq\selenium\selenium-devtools-v115\4.11.0\selenium-devtools-v115-4.11.0.jar;C:\Users\Admin\.m2\repository\org\seleniumhq\selenium\selenium-devtools-v85\4.11.0\selenium-devtools-v85-4.11.0.jar;C:\Users\Admin\.m2\repository\org\seleniumhq\selenium\selenium-edge-driver\4.11.0\selenium-edge-driver-4.11.0.jar;C:\Users\Admin\.m2\repository\org\seleniumhq\selenium\selenium-firefox-driver\4.11.0\selenium-firefox-driver-4.11.0.jar;C:\Users\Admin\.m2\repository\org\seleniumhq\selenium\selenium-http\4.11.0\selenium-http-4.11.0.jar;C:\Users\Admin\.m2\repository\dev\failsafe\failsafe\3.3.1\failsafe-3.3.1.jar;C:\Users\Admin\.m2\repository\org\seleniumhq\selenium\selenium-ie-driver\4.11.0\selenium-ie-driver-4.11.0.jar;C:\Users\Admin\.m2\repository\org\seleniumhq\selenium\selenium-remote-driver\4.11.0\selenium-remote-driver-4.11.0.jar;C:\Users\Admin\.m2\repository\io\netty\netty-buffer\4.1.92.Final\netty-buffer-4.1.92.Final.jar;C:\Users\Admin\.m2\repository\io\netty\netty-codec-http\4.1.92.Final\netty-codec-http-4.1.92.Final.jar;C:\Users\Admin\.m2\repository\io\netty\netty-codec\4.1.92.Final\netty-codec-4.1.92.Final.jar;C:\Users\Admin\.m2\repository\io\netty\netty-handler\4.1.92.Final\netty-handler-4.1.92.Final.jar;C:\Users\Admin\.m2\repository\io\netty\netty-common\4.1.92.Final\netty-common-4.1.92.Final.jar;C:\Users\Admin\.m2\repository\io\netty\netty-transport-classes-epoll\4.1.92.Final\netty-transport-classes-epoll-4.1.92.Final.jar;C:\Users\Admin\.m2\repository\io\netty\netty-transport-classes-kqueue\4.1.92.Final\netty-transport-classes-kqueue-4.1.92.Final.jar;C:\Users\Admin\.m2\repository\io\netty\netty-transport-native-epoll\4.1.92.Final\netty-transport-native-epoll-4.1.92.Final.jar;C:\Users\Admin\.m2\repository\io\netty\netty-transport-native-kqueue\4.1.92.Final\netty-transport-native-kqueue-4.1.92.Final.jar;C:\Users\Admin\.m2\repository\io\netty\netty-transport-native-unix-common\4.1.92.Final\netty-transport-native-unix-common-4.1.92.Final.jar;C:\Users\Admin\.m2\repository\io\netty\netty-transport\4.1.92.Final\netty-transport-4.1.92.Final.jar;C:\Users\Admin\.m2\repository\io\netty\netty-resolver\4.1.92.Final\netty-resolver-4.1.92.Final.jar;C:\Users\Admin\.m2\repository\io\opentelemetry\opentelemetry-api\1.26.0\opentelemetry-api-1.26.0.jar;C:\Users\Admin\.m2\repository\io\opentelemetry\opentelemetry-context\1.26.0\opentelemetry-context-1.26.0.jar;C:\Users\Admin\.m2\repository\io\opentelemetry\opentelemetry-exporter-logging\1.26.0\opentelemetry-exporter-logging-1.26.0.jar;C:\Users\Admin\.m2\repository\io\opentelemetry\opentelemetry-sdk-metrics\1.26.0\opentelemetry-sdk-metrics-1.26.0.jar;C:\Users\Admin\.m2\repository\io\opentelemetry\opentelemetry-extension-incubator\1.26.0-alpha\opentelemetry-extension-incubator-1.26.0-alpha.jar;C:\Users\Admin\.m2\repository\io\opentelemetry\opentelemetry-sdk-logs\1.26.0-alpha\opentelemetry-sdk-logs-1.26.0-alpha.jar;C:\Users\Admin\.m2\repository\io\opentelemetry\opentelemetry-api-logs\1.26.0-alpha\opentelemetry-api-logs-1.26.0-alpha.jar;C:\Users\Admin\.m2\repository\io\opentelemetry\opentelemetry-api-events\1.26.0-alpha\opentelemetry-api-events-1.26.0-alpha.jar;C:\Users\Admin\.m2\repository\io\opentelemetry\opentelemetry-sdk-common\1.26.0\opentelemetry-sdk-common-1.26.0.jar;C:\Users\Admin\.m2\repository\io\opentelemetry\opentelemetry-sdk-extension-autoconfigure-spi\1.26.0\opentelemetry-sdk-extension-autoconfigure-spi-1.26.0.jar;C:\Users\Admin\.m2\repository\io\opentelemetry\opentelemetry-sdk-extension-autoconfigure\1.26.0-alpha\opentelemetry-sdk-extension-autoconfigure-1.26.0-alpha.jar;C:\Users\Admin\.m2\repository\io\opentelemetry\opentelemetry-sdk-trace\1.26.0\opentelemetry-sdk-trace-1.26.0.jar;C:\Users\Admin\.m2\repository\io\opentelemetry\opentelemetry-sdk\1.26.0\opentelemetry-sdk-1.26.0.jar;C:\Users\Admin\.m2\repository\io\opentelemetry\opentelemetry-semconv\1.26.0-alpha\opentelemetry-semconv-1.26.0-alpha.jar;C:\Users\Admin\.m2\repository\org\apache\commons\commons-exec\1.3\commons-exec-1.3.jar;C:\Users\Admin\.m2\repository\org\asynchttpclient\async-http-client\2.12.3\async-http-client-2.12.3.jar;C:\Users\Admin\.m2\repository\org\asynchttpclient\async-http-client-netty-utils\2.12.3\async-http-client-netty-utils-2.12.3.jar;C:\Users\Admin\.m2\repository\io\netty\netty-codec-socks\4.1.60.Final\netty-codec-socks-4.1.60.Final.jar;C:\Users\Admin\.m2\repository\io\netty\netty-handler-proxy\4.1.60.Final\netty-handler-proxy-4.1.60.Final.jar;C:\Users\Admin\.m2\repository\io\netty\netty-transport-native-epoll\4.1.60.Final\netty-transport-native-epoll-4.1.60.Final-linux-x86_64.jar;C:\Users\Admin\.m2\repository\io\netty\netty-transport-native-kqueue\4.1.60.Final\netty-transport-native-kqueue-4.1.60.Final-osx-x86_64.jar;C:\Users\Admin\.m2\repository\org\reactivestreams\reactive-streams\1.0.3\reactive-streams-1.0.3.jar;C:\Users\Admin\.m2\repository\com\typesafe\netty\netty-reactive-streams\2.0.4\netty-reactive-streams-2.0.4.jar;C:\Users\Admin\.m2\repository\com\sun\activation\jakarta.activation\1.2.2\jakarta.activation-1.2.2.jar;C:\Users\Admin\.m2\repository\org\seleniumhq\selenium\selenium-safari-driver\4.11.0\selenium-safari-driver-4.11.0.jar;C:\Users\Admin\.m2\repository\org\seleniumhq\selenium\selenium-support\4.11.0\selenium-support-4.11.0.jar;C:\Users\Admin\.m2\repository\com\google\auto\service\auto-service-annotations\1.0.1\auto-service-annotations-1.0.1.jar;C:\Users\Admin\.m2\repository\com\google\guava\guava\31.1-jre\guava-31.1-jre.jar;C:\Users\Admin\.m2\repository\com\google\guava\failureaccess\1.0.1\failureaccess-1.0.1.jar;C:\Users\Admin\.m2\repository\com\google\guava\listenablefuture\9999.0-empty-to-avoid-conflict-with-guava\listenablefuture-9999.0-empty-to-avoid-conflict-with-guava.jar;C:\Users\Admin\.m2\repository\com\google\code\findbugs\jsr305\3.0.2\jsr305-3.0.2.jar;C:\Users\Admin\.m2\repository\org\checkerframework\checker-qual\3.12.0\checker-qual-3.12.0.jar;C:\Users\Admin\.m2\repository\com\google\errorprone\error_prone_annotations\2.11.0\error_prone_annotations-2.11.0.jar;C:\Users\Admin\.m2\repository\com\google\j2objc\j2objc-annotations\1.3\j2objc-annotations-1.3.jar;C:\Users\Admin\.m2\repository\net\bytebuddy\byte-buddy\1.14.4\byte-buddy-1.14.4.jar;C:\Users\Admin\.m2\repository\org\seleniumhq\selenium\selenium-json\4.11.0\selenium-json-4.11.0.jar;C:\Users\Admin\.m2\repository\io\github\bonigarcia\webdrivermanager\5.3.1\webdrivermanager-5.3.1.jar;C:\Users\Admin\.m2\repository\com\google\code\gson\gson\2.10\gson-2.10.jar;C:\Users\Admin\.m2\repository\com\github\docker-java\docker-java\3.2.13\docker-java-3.2.13.jar;C:\Users\Admin\.m2\repository\com\github\docker-java\docker-java-core\3.2.13\docker-java-core-3.2.13.jar;C:\Users\Admin\.m2\repository\com\github\docker-java\docker-java-api\3.2.13\docker-java-api-3.2.13.jar;C:\Users\Admin\.m2\repository\commons-io\commons-io\2.6\commons-io-2.6.jar;C:\Users\Admin\.m2\repository\org\apache\commons\commons-compress\1.21\commons-compress-1.21.jar;C:\Users\Admin\.m2\repository\org\bouncycastle\bcpkix-jdk15on\1.64\bcpkix-jdk15on-1.64.jar;C:\Users\Admin\.m2\repository\org\bouncycastle\bcprov-jdk15on\1.64\bcprov-jdk15on-1.64.jar;C:\Users\Admin\.m2\repository\com\github\docker-java\docker-java-transport-httpclient5\3.2.13\docker-java-transport-httpclient5-3.2.13.jar;C:\Users\Admin\.m2\repository\com\github\docker-java\docker-java-transport\3.2.13\docker-java-transport-3.2.13.jar;C:\Users\Admin\.m2\repository\net\java\dev\jna\jna\5.8.0\jna-5.8.0.jar;C:\Users\Admin\.m2\repository\org\brotli\dec\0.1.2\dec-0.1.2.jar;C:\Users\Admin\.m2\repository\org\apache\commons\commons-lang3\3.12.0\commons-lang3-3.12.0.jar;C:\Users\Admin\.m2\repository\org\apache\httpcomponents\client5\httpclient5\5.1.3\httpclient5-5.1.3.jar;C:\Users\Admin\.m2\repository\org\apache\httpcomponents\core5\httpcore5\5.1.3\httpcore5-5.1.3.jar;C:\Users\Admin\.m2\repository\org\apache\httpcomponents\core5\httpcore5-h2\5.1.3\httpcore5-h2-5.1.3.jar;C:\Users\Admin\.m2\repository\commons-codec\commons-codec\1.15\commons-codec-1.15.jar;C:\Users\Admin\.m2\repository\com\fasterxml\jackson\core\jackson-core\2.10.0\jackson-core-2.10.0.jar;C:\Users\Admin\.m2\repository\com\fasterxml\jackson\core\jackson-databind\2.10.0\jackson-databind-2.10.0.jar;C:\Users\Admin\.m2\repository\com\fasterxml\jackson\core\jackson-annotations\2.10.0\jackson-annotations-2.10.0.jar;C:\Users\Admin\.m2\repository\io\qameta\allure\allure-testng\2.18.1\allure-testng-2.18.1.jar;C:\Users\Admin\.m2\repository\io\qameta\allure\allure-java-commons\2.18.1\allure-java-commons-2.18.1.jar;C:\Users\Admin\.m2\repository\io\qameta\allure\allure-model\2.18.1\allure-model-2.18.1.jar;C:\Users\Admin\.m2\repository\io\qameta\allure\allure-test-filter\2.18.1\allure-test-filter-2.18.1.jar;C:\Users\Admin\.m2\repository\joda-time\joda-time\2.0\joda-time-2.0.jar;C:\Users\Admin\.m2\repository\org\slf4j\slf4j-api\1.7.24\slf4j-api-1.7.24.jar;C:\Users\Admin\.m2\repository\velocity\velocity-dep\1.4\velocity-dep-1.4.jar;C:\Users\Admin\.m2\repository\com\google\inject\guice\4.1.0\guice-4.1.0.jar;C:\Users\Admin\.m2\repository\javax\inject\javax.inject\1\javax.inject-1.jar;C:\Users\Admin\.m2\repository\aopalliance\aopalliance\1.0\aopalliance-1.0.jar;C:\Users\Admin\.m2\repository\commons-logging\commons-logging\1.2\commons-logging-1.2.jar;C:\Users\Admin\.m2\repository\com\github\javafaker\javafaker\1.0.1\javafaker-1.0.1.jar;C:\Users\Admin\.m2\repository\org\yaml\snakeyaml\1.23\snakeyaml-1.23-android.jar;C:\Users\Admin\.m2\repository\com\github\mifmif\generex\1.0.2\generex-1.0.2.jar;C:\Users\Admin\.m2\repository\dk\brics\automaton\automaton\1.11-8\automaton-1.11-8.jar;C:\Users\Admin\.m2\repository\org\aspectj\aspectjweaver\1.9.8\aspectjweaver-1.9.8.jar;C:\Users\Admin\.m2\repository\org\projectlombok\lombok\1.18.24\lombok-1.18.24.jar;C:\Users\Admin\.m2\repository\org\aeonbits\owner\owner\1.0.12\owner-1.0.12.jar;C:\Users\Admin\.m2\repository\org\apache\logging\log4j\log4j-core\2.20.0\log4j-core-2.20.0.jar;C:\Users\Admin\.m2\repository\org\apache\logging\log4j\log4j-api\2.20.0\log4j-api-2.20.0.jar;"/>
    <property name="sun.cpu.endian" value="little"/>
    <property name="user.home" value="C:\Users\Admin"/>
    <property name="user.language" value="en"/>
    <property name="java.specification.vendor" value="Oracle Corporation"/>
    <property name="java.version.date" value="2022-01-18"/>
    <property name="java.home" value="C:\Program Files\Java\jdk-11.0.14"/>
    <property name="file.separator" value="\"/>
    <property name="basedir" value="E:\Setup\Maven Project\com.bankguru.framework"/>
    <property name="java.vm.compressedOopsMode" value="32-bit"/>
    <property name="line.separator" value="&#10;"/>
    <property name="java.specification.name" value="Java Platform API Specification"/>
    <property name="java.vm.specification.vendor" value="Oracle Corporation"/>
    <property name="java.awt.graphicsenv" value="sun.awt.Win32GraphicsEnvironment"/>
    <property name="surefire.real.class.path" value="C:\Users\Admin\AppData\Local\Temp\surefire5254888887108362442\surefirebooter16679737232566265158.jar"/>
    <property name="user.script" value=""/>
    <property name="sun.management.compiler" value="HotSpot 64-Bit Tiered Compilers"/>
    <property name="java.runtime.version" value="11.0.14+8-LTS-263"/>
    <property name="user.name" value="Admin"/>
    <property name="path.separator" value=";"/>
    <property name="os.version" value="10.0"/>
    <property name="java.runtime.name" value="Java(TM) SE Runtime Environment"/>
    <property name="file.encoding" value="Cp1252"/>
    <property name="java.vm.name" value="Java HotSpot(TM) 64-Bit Server VM"/>
    <property name="java.vendor.version" value="18.9"/>
    <property name="localRepository" value="C:\Users\Admin\.m2\repository"/>
    <property name="java.vendor.url.bug" value="https://bugreport.java.com/bugreport/"/>
    <property name="java.io.tmpdir" value="C:\Users\Admin\AppData\Local\Temp\"/>
    <property name="java.version" value="11.0.14"/>
    <property name="user.dir" value="E:\Setup\Maven Project\com.bankguru.framework"/>
    <property name="os.arch" value="amd64"/>
    <property name="java.vm.specification.name" value="Java Virtual Machine Specification"/>
    <property name="java.awt.printerjob" value="sun.awt.windows.WPrinterJob"/>
    <property name="env" value="testing"/>
    <property name="sun.os.patch.level" value=""/>
    <property name="java.library.path" value="C:\Program Files\Java\jdk-11.0.14\bin;C:\WINDOWS\Sun\Java\bin;C:\WINDOWS\system32;C:\WINDOWS;C:\Program Files\Common Files\Oracle\Java\javapath;C:\WINDOWS\system32;C:\WINDOWS;C:\WINDOWS\System32\Wbem;C:\WINDOWS\System32\WindowsPowerShell\v1.0\;C:\WINDOWS\System32\OpenSSH\;C:\Program Files\Docker\Docker\resources\bin;C:\Program Files\Java\jdk-11.0.14\bin;E:\software\apache-maven-3.8.6\bin;C:\Program Files\Git\cmd;E:\software\allure-2.13.5\bin;C:\Users\Admin\AppData\Local\Microsoft\WindowsApps;;."/>
    <property name="java.vendor" value="Oracle Corporation"/>
    <property name="java.vm.info" value="mixed mode"/>
    <property name="java.vm.version" value="11.0.14+8-LTS-263"/>
    <property name="sun.io.unicode.encoding" value="UnicodeLittle"/>
    <property name="java.class.version" value="55.0"/>
  </properties>
  <testcase name="beforeClass" classname="testcases.com.bankguru.customer.Customer_01_New_Customer" time="23.428">
    <failure message="Keys to send should be a not null CharSequence" type="java.lang.IllegalArgumentException">java.lang.IllegalArgumentException: Keys to send should be a not null CharSequence
	at testcases.com.bankguru.customer.Customer_01_New_Customer.beforeClass(Customer_01_New_Customer.java:42)
</failure>
    <system-out><![CDATA[[TestNGContentHandler] [WARN] It is strongly recommended to add "<!DOCTYPE suite SYSTEM "http://testng.org/testng-1.0.dtd" >" at the top of your file, otherwise TestNG may fail or not work as expected.
null]]></system-out>
    <system-err><![CDATA[SLF4J: Failed to load class "org.slf4j.impl.StaticLoggerBinder".
SLF4J: Defaulting to no-operation (NOP) logger implementation
SLF4J: See http://www.slf4j.org/codes.html#StaticLoggerBinder for further details.
Oct 05, 2023 9:48:06 PM org.openqa.selenium.devtools.CdpVersionFinder findNearestMatch
WARNING: Unable to find an exact match for CDP version 117, so returning the closest version found: 115
]]></system-err>
  </testcase>
  <testcase name="TC_01_New_Customer_With_Name_Empty" classname="testcases.com.bankguru.customer.Customer_01_New_Customer" time="0">
    <skipped message="Keys to send should be a not null CharSequence"/>
  </testcase>
  <testcase name="TC_01_New_Customer_With_Name_Empty" classname="testcases.com.bankguru.customer.Customer_01_New_Customer" time="0.786"/>
  <testcase name="TC_02_New_Customer_With_Name_Number" classname="testcases.com.bankguru.customer.Customer_01_New_Customer" time="0">
    <skipped message="Keys to send should be a not null CharSequence"/>
  </testcase>
  <testcase name="TC_02_New_Customer_With_Name_Number" classname="testcases.com.bankguru.customer.Customer_01_New_Customer" time="0.78"/>
  <testcase name="TC_03_New_Customer_With_Name_Have_Special_Character" classname="testcases.com.bankguru.customer.Customer_01_New_Customer" time="0">
    <skipped message="Keys to send should be a not null CharSequence"/>
  </testcase>
  <testcase name="TC_03_New_Customer_With_Name_Have_Special_Character" classname="testcases.com.bankguru.customer.Customer_01_New_Customer" time="0.753"/>
  <testcase name="TC_04_New_Customer_With_Name_Start_As_Blank_Character" classname="testcases.com.bankguru.customer.Customer_01_New_Customer" time="0">
    <skipped message="Keys to send should be a not null CharSequence"/>
  </testcase>
  <testcase name="TC_04_New_Customer_With_Name_Start_As_Blank_Character" classname="testcases.com.bankguru.customer.Customer_01_New_Customer" time="0.742"/>
  <testcase name="TC_05_New_Customer_With_Address_Empty" classname="testcases.com.bankguru.customer.Customer_01_New_Customer" time="0">
    <skipped message="Keys to send should be a not null CharSequence"/>
  </testcase>
  <testcase name="TC_05_New_Customer_With_Address_Empty" classname="testcases.com.bankguru.customer.Customer_01_New_Customer" time="0.863"/>
  <testcase name="TC_01_Edit_Customer_With_CustomerId_Is_Special_Character" classname="testcases.com.bankguru.customer.Customer_02_Edit_Customer" time="0.952"/>
  <testcase name="TC_01_Edit_Customer_With_CustomerId_Is_Special_Character" classname="testcases.com.bankguru.customer.Customer_02_Edit_Customer" time="0.833"/>
  <testcase name="TC_02_Edit_Customer_With_CustomerId_Is_Valid" classname="testcases.com.bankguru.customer.Customer_02_Edit_Customer" time="1.556"/>
  <testcase name="TC_02_Edit_Customer_With_CustomerId_Is_Valid" classname="testcases.com.bankguru.customer.Customer_02_Edit_Customer" time="1.601"/>
  <testcase name="TC_03_Edit_Customer_With_EmailAddress_Is_Blank" classname="testcases.com.bankguru.customer.Customer_02_Edit_Customer" time="6.917"/>
  <testcase name="TC_03_Edit_Customer_With_EmailAddress_Is_Blank" classname="testcases.com.bankguru.customer.Customer_02_Edit_Customer" time="1.465"/>
  <testcase name="TC_04_Edit_Customer_With_City_Is_Blank" classname="testcases.com.bankguru.customer.Customer_02_Edit_Customer" time="2.339"/>
  <testcase name="TC_04_Edit_Customer_With_City_Is_Blank" classname="testcases.com.bankguru.customer.Customer_02_Edit_Customer" time="1.767"/>
  <testcase name="TC_05_Edit_Customer_With_City_Have_Number" classname="testcases.com.bankguru.customer.Customer_02_Edit_Customer" time="2.524"/>
  <testcase name="TC_05_Edit_Customer_With_City_Have_Number" classname="testcases.com.bankguru.customer.Customer_02_Edit_Customer" time="1.787"/>
  <testcase name="TC_06_Edit_Customer_With_State_Is_Blank" classname="testcases.com.bankguru.customer.Customer_02_Edit_Customer" time="2.33"/>
  <testcase name="TC_06_Edit_Customer_With_State_Is_Blank" classname="testcases.com.bankguru.customer.Customer_02_Edit_Customer" time="0.48"/>
  <testcase name="TC_07_Edit_Customer_With_State_Have_Special_Character" classname="testcases.com.bankguru.customer.Customer_02_Edit_Customer" time="1.99"/>
  <testcase name="TC_07_Edit_Customer_With_State_Have_Special_Character" classname="testcases.com.bankguru.customer.Customer_02_Edit_Customer" time="1.779"/>
  <testcase name="TC_08_Edit_Customer_With_PIN_Have_Character" classname="testcases.com.bankguru.customer.Customer_02_Edit_Customer" time="1.973"/>
  <testcase name="TC_08_Edit_Customer_With_PIN_Have_Character" classname="testcases.com.bankguru.customer.Customer_02_Edit_Customer" time="1.772"/>
  <testcase name="TC_09_Edit_Customer_With_PIN_More_Six_Number" classname="testcases.com.bankguru.customer.Customer_02_Edit_Customer" time="1.922"/>
  <testcase name="TC_09_Edit_Customer_With_PIN_More_Six_Number" classname="testcases.com.bankguru.customer.Customer_02_Edit_Customer" time="0.532"/>
  <testcase name="TC_10_Edit_Customer_With_Mobile_Number_Have_Character" classname="testcases.com.bankguru.customer.Customer_02_Edit_Customer" time="2.033"/>
  <testcase name="TC_10_Edit_Customer_With_Mobile_Number_Have_Character" classname="testcases.com.bankguru.customer.Customer_02_Edit_Customer" time="1.866"/>
  <testcase name="TC_11_Edit_Customer_With_Email_Address_Is_Invalid" classname="testcases.com.bankguru.customer.Customer_02_Edit_Customer" time="1.959"/>
  <testcase name="TC_11_Edit_Customer_With_Email_Address_Is_Invalid" classname="testcases.com.bankguru.customer.Customer_02_Edit_Customer" time="1.748"/>
  <testcase name="TC_01_Delete_Customer_With_CustomerID_Is_Empty" classname="testcases.com.bankguru.customer.Customer_03_Delete_Customer" time="0">
    <skipped message="expected [Customer ID is required...] but found [Customer ID is required]"/>
    <system-err><![CDATA[Oct 05, 2023 9:49:32 PM testcases.com.bankguru.customer.Customer_03_Delete_Customer verifyEquals
INFO:  -------------------------- FAILED -------------------------- 
]]></system-err>
  </testcase>
  <testcase name="TC_01_Delete_Customer_With_CustomerID_Is_Empty" classname="testcases.com.bankguru.customer.Customer_03_Delete_Customer" time="0">
    <skipped message="expected [Customer ID is required...] but found [Customer ID is required]"/>
    <system-err><![CDATA[Oct 05, 2023 9:49:38 PM testcases.com.bankguru.customer.Customer_03_Delete_Customer verifyEquals
INFO:  -------------------------- FAILED -------------------------- 
]]></system-err>
  </testcase>
  <testcase name="TC_01_Delete_Customer_With_CustomerID_Is_Empty" classname="testcases.com.bankguru.customer.Customer_03_Delete_Customer" time="2.855">
    <failure message="expected [Customer ID is required...] but found [Customer ID is required]" type="java.lang.AssertionError">java.lang.AssertionError: expected [Customer ID is required...] but found [Customer ID is required]
	at testcases.com.bankguru.customer.Customer_03_Delete_Customer.TC_01_Delete_Customer_With_CustomerID_Is_Empty(Customer_03_Delete_Customer.java:101)
</failure>
    <system-err><![CDATA[Oct 05, 2023 9:49:43 PM testcases.com.bankguru.customer.Customer_03_Delete_Customer verifyEquals
INFO:  -------------------------- FAILED -------------------------- 
]]></system-err>
  </testcase>
  <testcase name="TC_01_Delete_Customer_With_CustomerID_Is_Empty" classname="testcases.com.bankguru.customer.Customer_03_Delete_Customer" time="1.073">
    <failure message="expected [Customer ID is required...] but found [Customer ID is required]" type="java.lang.AssertionError">java.lang.AssertionError: expected [Customer ID is required...] but found [Customer ID is required]
	at testcases.com.bankguru.customer.Customer_03_Delete_Customer.TC_01_Delete_Customer_With_CustomerID_Is_Empty(Customer_03_Delete_Customer.java:101)
</failure>
    <system-err><![CDATA[Oct 05, 2023 9:50:13 PM org.openqa.selenium.devtools.CdpVersionFinder findNearestMatch
WARNING: Unable to find an exact match for CDP version 117, so returning the closest version found: 115
Oct 05, 2023 9:50:17 PM testcases.com.bankguru.customer.Customer_03_Delete_Customer verifyTrue
INFO:  -------------------------- PASSED -------------------------- 
Oct 05, 2023 9:50:19 PM testcases.com.bankguru.customer.Customer_03_Delete_Customer verifyEquals
INFO:  -------------------------- PASSED -------------------------- 
Oct 05, 2023 9:50:20 PM testcases.com.bankguru.customer.Customer_03_Delete_Customer verifyEquals
INFO:  -------------------------- FAILED -------------------------- 
]]></system-err>
  </testcase>
  <testcase name="TC_02_Delete_Customer_With_CustomerID_Have_Character" classname="testcases.com.bankguru.customer.Customer_03_Delete_Customer" time="1.58"/>
  <testcase name="TC_02_Delete_Customer_With_CustomerID_Have_Character" classname="testcases.com.bankguru.customer.Customer_03_Delete_Customer" time="1.131"/>
  <testcase name="TC_03_Delete_Customer_With_CustomerID_Have_Special_Character" classname="testcases.com.bankguru.customer.Customer_03_Delete_Customer" time="1.175"/>
  <testcase name="TC_03_Delete_Customer_With_CustomerID_Have_Special_Character" classname="testcases.com.bankguru.customer.Customer_03_Delete_Customer" time="1.036"/>
  <testcase name="TC_05_Delete_Customer_Successful" classname="testcases.com.bankguru.customer.Customer_03_Delete_Customer" time="1.376"/>
  <testcase name="TC_05_Delete_Customer_Successful" classname="testcases.com.bankguru.customer.Customer_03_Delete_Customer" time="1.613"/>
  <testcase name="TC_01_New_Account_With_CustomerId_Is_Special_Character" classname="testcases.com.bankguru.account.Account_01_New_Account" time="4.013"/>
  <testcase name="TC_01_New_Account_With_CustomerId_Is_Special_Character" classname="testcases.com.bankguru.account.Account_01_New_Account" time="0.877"/>
  <testcase name="TC_02_New_Account_With_CustomerId_Have_Special_Character" classname="testcases.com.bankguru.account.Account_01_New_Account" time="1.04"/>
  <testcase name="TC_02_New_Account_With_CustomerId_Have_Special_Character" classname="testcases.com.bankguru.account.Account_01_New_Account" time="0.568"/>
  <testcase name="TC_04_New_Account_With_Initial_Deposit_Have_Character" classname="testcases.com.bankguru.account.Account_01_New_Account" time="0.598"/>
  <testcase name="TC_04_New_Account_With_Initial_Deposit_Have_Character" classname="testcases.com.bankguru.account.Account_01_New_Account" time="0.635"/>
  <testcase name="TC_05_New_Account_With_Initial_Deposit_Have_Special_Character" classname="testcases.com.bankguru.account.Account_01_New_Account" time="0.559"/>
  <testcase name="TC_05_New_Account_With_Initial_Deposit_Have_Special_Character" classname="testcases.com.bankguru.account.Account_01_New_Account" time="1.87"/>
  <testcase name="TC_01_Edit_Account_With_Account_Number_Is_Empty" classname="testcases.com.bankguru.account.Account_02_Edit_Account" time="3.629"/>
  <testcase name="TC_01_Edit_Account_With_Account_Number_Is_Empty" classname="testcases.com.bankguru.account.Account_02_Edit_Account" time="0.934"/>
  <testcase name="TC_02_Edit_Account_With_Account_Number_Have_Character" classname="testcases.com.bankguru.account.Account_02_Edit_Account" time="5.243"/>
  <testcase name="TC_02_Edit_Account_With_Account_Number_Have_Character" classname="testcases.com.bankguru.account.Account_02_Edit_Account" time="0.934"/>
  <testcase name="TC_03_Edit_Account_With_Account_Number_Have_Special_Character" classname="testcases.com.bankguru.account.Account_02_Edit_Account" time="5.226"/>
  <testcase name="TC_03_Edit_Account_With_Account_Number_Have_Special_Character" classname="testcases.com.bankguru.account.Account_02_Edit_Account" time="1.519"/>
  <testcase name="TC_03_Edit_Account_With_Account_Number_Have_Special_Space" classname="testcases.com.bankguru.account.Account_02_Edit_Account" time="5.243"/>
  <testcase name="TC_03_Edit_Account_With_Account_Number_Have_Special_Space" classname="testcases.com.bankguru.account.Account_02_Edit_Account" time="0.96"/>
  <testcase name="TC_01_Delete_Account_With_Account_Number_Is_Empty" classname="testcases.com.bankguru.account.Account_03_Delete_Account" time="6.662"/>
  <testcase name="TC_01_Delete_Account_With_Account_Number_Is_Empty" classname="testcases.com.bankguru.account.Account_03_Delete_Account" time="0.999"/>
  <testcase name="TC_02_Delete_Account_With_Account_Number_Have_Character" classname="testcases.com.bankguru.account.Account_03_Delete_Account" time="5.245"/>
  <testcase name="TC_02_Delete_Account_With_Account_Number_Have_Character" classname="testcases.com.bankguru.account.Account_03_Delete_Account" time="0.46"/>
  <testcase name="TC_03_Delete_Account_With_Account_Number_Have_Special_Character" classname="testcases.com.bankguru.account.Account_03_Delete_Account" time="5.233"/>
  <testcase name="TC_03_Delete_Account_With_Account_Number_Have_Special_Character" classname="testcases.com.bankguru.account.Account_03_Delete_Account" time="0.956"/>
  <testcase name="TC_03_Delete_Account_With_Account_Number_Have_Special_Space" classname="testcases.com.bankguru.account.Account_03_Delete_Account" time="0.216"/>
  <testcase name="TC_03_Delete_Account_With_Account_Number_Have_Special_Space" classname="testcases.com.bankguru.account.Account_03_Delete_Account" time="1.002"/>
  <testcase name="TC_01_Customised_Statement_With_Account_Number_Is_Empty" classname="testcases.com.bankguru.statement.Customised_Statement" time="3.728"/>
  <testcase name="TC_01_Customised_Statement_With_Account_Number_Is_Empty" classname="testcases.com.bankguru.statement.Customised_Statement" time="0.554"/>
  <testcase name="TC_02_Customised_Statement_With_Account_Number_Have_Character" classname="testcases.com.bankguru.statement.Customised_Statement" time="5.706"/>
  <testcase name="TC_02_Customised_Statement_With_Account_Number_Have_Character" classname="testcases.com.bankguru.statement.Customised_Statement" time="0.965"/>
  <testcase name="TC_03_Customised_Statement_With_Account_Number_Have_Special_Character" classname="testcases.com.bankguru.statement.Customised_Statement" time="0.485"/>
  <testcase name="TC_03_Customised_Statement_With_Account_Number_Have_Special_Character" classname="testcases.com.bankguru.statement.Customised_Statement" time="0.935"/>
  <testcase name="TC_04_Customised_Statement_With_Account_Number_Have_Character_Space" classname="testcases.com.bankguru.statement.Customised_Statement" time="3.816"/>
  <testcase name="TC_04_Customised_Statement_With_Account_Number_Have_Character_Space" classname="testcases.com.bankguru.statement.Customised_Statement" time="0.91"/>
  <testcase name="TC_05_Customised_Statement_With_Minimum_Transaction_Value_Have_Character" classname="testcases.com.bankguru.statement.Customised_Statement" time="1.506"/>
  <testcase name="TC_05_Customised_Statement_With_Minimum_Transaction_Value_Have_Character" classname="testcases.com.bankguru.statement.Customised_Statement" time="0.913"/>
  <testcase name="TC_06_Customised_Statement_With_Minimum_Transaction_Value_Have_Special_Character" classname="testcases.com.bankguru.statement.Customised_Statement" time="1.266"/>
  <testcase name="TC_06_Customised_Statement_With_Minimum_Transaction_Value_Have_Special_Character" classname="testcases.com.bankguru.statement.Customised_Statement" time="0.909"/>
  <testcase name="TC_07_Customised_Statement_With_Minimum_Transaction_Value_Have_Character_Space" classname="testcases.com.bankguru.statement.Customised_Statement" time="1.221"/>
  <testcase name="TC_07_Customised_Statement_With_Minimum_Transaction_Value_Have_Character_Space" classname="testcases.com.bankguru.statement.Customised_Statement" time="0.861"/>
  <testcase name="TC_08_Customized_Statement_With_Number_Of_Tracsaction_Have_Character" classname="testcases.com.bankguru.statement.Customised_Statement" time="1.124"/>
  <testcase name="TC_08_Customized_Statement_With_Number_Of_Tracsaction_Have_Character" classname="testcases.com.bankguru.statement.Customised_Statement" time="0.938"/>
  <testcase name="TC_09_Customized_Statement_With_Number_Of_Tracsaction_Have_Special_Character" classname="testcases.com.bankguru.statement.Customised_Statement" time="1.189"/>
  <testcase name="TC_09_Customized_Statement_With_Number_Of_Tracsaction_Have_Special_Character" classname="testcases.com.bankguru.statement.Customised_Statement" time="0.923"/>
  <testcase name="TC_10_Customized_Statement_With_Number_Of_Tracsaction_Have_Character_Space" classname="testcases.com.bankguru.statement.Customised_Statement" time="1.067"/>
  <testcase name="TC_10_Customized_Statement_With_Number_Of_Tracsaction_Have_Character_Space" classname="testcases.com.bankguru.statement.Customised_Statement" time="0.899"/>
  <testcase name="TC_01_Mini_Statement_With_Account_Number_Is_Empty" classname="testcases.com.bankguru.statement.Mini_Statement" time="3.324"/>
  <testcase name="TC_01_Mini_Statement_With_Account_Number_Is_Empty" classname="testcases.com.bankguru.statement.Mini_Statement" time="1.618"/>
  <testcase name="TC_02_Mini_Statement_With_Account_Number_Have_Character" classname="testcases.com.bankguru.statement.Mini_Statement" time="0.418"/>
  <testcase name="TC_02_Mini_Statement_With_Account_Number_Have_Character" classname="testcases.com.bankguru.statement.Mini_Statement" time="0.945"/>
  <testcase name="TC_03_Mini_Statement_With_Account_Number_Have_Special_Character" classname="testcases.com.bankguru.statement.Mini_Statement" time="0.055"/>
  <testcase name="TC_03_Mini_Statement_With_Account_Number_Have_Special_Character" classname="testcases.com.bankguru.statement.Mini_Statement" time="0.644"/>
  <testcase name="TC_04_Mini_Statement_With_Account_Number_Have_Special_Space" classname="testcases.com.bankguru.statement.Mini_Statement" time="2.505"/>
  <testcase name="TC_04_Mini_Statement_With_Account_Number_Have_Special_Space" classname="testcases.com.bankguru.statement.Mini_Statement" time="0.95"/>
  <testcase name="TC_01_Change_Password_With_Old_Password_Is_Empty" classname="testcases.com.bankguru.Change_Password" time="3.194"/>
  <testcase name="TC_01_Change_Password_With_Old_Password_Is_Empty" classname="testcases.com.bankguru.Change_Password" time="0.726"/>
  <testcase name="TC_02_Change_Password_With_New_Password_Is_Empty" classname="testcases.com.bankguru.Change_Password" time="5.231"/>
  <testcase name="TC_02_Change_Password_With_New_Password_Is_Empty" classname="testcases.com.bankguru.Change_Password" time="0.714"/>
  <testcase name="TC_03_Change_Password_With_New_Password_Have_Not_Number" classname="testcases.com.bankguru.Change_Password" time="5.213"/>
  <testcase name="TC_03_Change_Password_With_New_Password_Have_Not_Number" classname="testcases.com.bankguru.Change_Password" time="0.688"/>
  <testcase name="TC_04_Change_Password_With_New_Password_Have_Not_Special_Character" classname="testcases.com.bankguru.Change_Password" time="0.56"/>
  <testcase name="TC_04_Change_Password_With_New_Password_Have_Not_Special_Character" classname="testcases.com.bankguru.Change_Password" time="0.692"/>
  <testcase name="TC_05_Change_Password_With_New_Password_Have_Password_Terms" classname="testcases.com.bankguru.Change_Password" time="3.445"/>
  <testcase name="TC_05_Change_Password_With_New_Password_Have_Password_Terms" classname="testcases.com.bankguru.Change_Password" time="0.726"/>
  <testcase name="TC_06_Change_Password_With_Confirm_Password_Not_Match_Password" classname="testcases.com.bankguru.Change_Password" time="2.169"/>
  <testcase name="TC_06_Change_Password_With_Confirm_Password_Not_Match_Password" classname="testcases.com.bankguru.Change_Password" time="0.589"/>
  <testcase name="TC_03_New_Account_With_CustomerId_Have_Character" classname="testcases.com.bankguru.account.Account_01_New_Account" time="1.138"/>
  <testcase name="TC_03_New_Account_With_CustomerId_Have_Character" classname="testcases.com.bankguru.account.Account_01_New_Account" time="1.114"/>
</testsuite>