<?xml version="1.0" encoding="UTF-8"?>
<!-- Generated by org.testng.reporters.JUnitReportReporter -->
<testsuite hostname="DESKTOP-C1IFLQ8" failures="0" tests="8" name="testcases.com.bankguru.statement.Mini_Statement" time="23.442" errors="0" timestamp="10 Oct 2023 10:52:52 GMT" skipped="0">
  <testcase classname="testcases.com.bankguru.statement.Mini_Statement" name="TC_04_Mini_Statement_With_Account_Number_Have_Special_Space" time="5.232"/>
  <testcase classname="testcases.com.bankguru.statement.Mini_Statement" name="TC_03_Mini_Statement_With_Account_Number_Have_Special_Character" time="0.872"/>
  <testcase classname="testcases.com.bankguru.statement.Mini_Statement" name="TC_02_Mini_Statement_With_Account_Number_Have_Character" time="5.234"/>
  <testcase classname="testcases.com.bankguru.statement.Mini_Statement" name="TC_03_Mini_Statement_With_Account_Number_Have_Special_Character" time="5.259"/>
  <testcase classname="testcases.com.bankguru.statement.Mini_Statement" name="TC_01_Mini_Statement_With_Account_Number_Is_Empty" time="0.906"/>
  <testcase classname="testcases.com.bankguru.statement.Mini_Statement" name="TC_04_Mini_Statement_With_Account_Number_Have_Special_Space" time="0.889"/>
  <testcase classname="testcases.com.bankguru.statement.Mini_Statement" name="TC_01_Mini_Statement_With_Account_Number_Is_Empty" time="3.927"/>
  <testcase classname="testcases.com.bankguru.statement.Mini_Statement" name="TC_02_Mini_Statement_With_Account_Number_Have_Character" time="1.123"/>
</testsuite> <!-- testcases.com.bankguru.statement.Mini_Statement -->
