<?xml version="1.0" encoding="UTF-8"?>
<!-- Generated by org.testng.reporters.JUnitReportReporter -->
<testsuite hostname="DESKTOP-C1IFLQ8" failures="0" tests="8" name="testcases.com.bankguru.account.Account_03_Delete_Account" time="23.550" errors="0" timestamp="10 Oct 2023 10:52:52 GMT" skipped="0">
  <testcase classname="testcases.com.bankguru.account.Account_03_Delete_Account" name="TC_02_Delete_Account_With_Account_Number_Have_Character" time="0.910"/>
  <testcase classname="testcases.com.bankguru.account.Account_03_Delete_Account" name="TC_03_Delete_Account_With_Account_Number_Have_Special_Space" time="0.926"/>
  <testcase classname="testcases.com.bankguru.account.Account_03_Delete_Account" name="TC_01_Delete_Account_With_Account_Number_Is_Empty" time="0.974"/>
  <testcase classname="testcases.com.bankguru.account.Account_03_Delete_Account" name="TC_03_Delete_Account_With_Account_Number_Have_Special_Space" time="5.246"/>
  <testcase classname="testcases.com.bankguru.account.Account_03_Delete_Account" name="TC_03_Delete_Account_With_Account_Number_Have_Special_Character" time="0.929"/>
  <testcase classname="testcases.com.bankguru.account.Account_03_Delete_Account" name="TC_02_Delete_Account_With_Account_Number_Have_Character" time="5.231"/>
  <testcase classname="testcases.com.bankguru.account.Account_03_Delete_Account" name="TC_03_Delete_Account_With_Account_Number_Have_Special_Character" time="5.281"/>
  <testcase classname="testcases.com.bankguru.account.Account_03_Delete_Account" name="TC_01_Delete_Account_With_Account_Number_Is_Empty" time="4.053"/>
</testsuite> <!-- testcases.com.bankguru.account.Account_03_Delete_Account -->
