<?xml version="1.0" encoding="UTF-8"?>
<!-- Generated by org.testng.reporters.JUnitReportReporter -->
<testsuite hostname="DESKTOP-C1IFLQ8" failures="0" tests="20" name="testcases.com.bankguru.statement.Customised_Statement" time="0.000" errors="0" timestamp="29 Nov 2023 08:28:09 GMT" skipped="20">
  <testcase classname="testcases.com.bankguru.statement.Customised_Statement" name="TC_06_Customised_Statement_With_Minimum_Transaction_Value_Have_Special_Character" time="0.000">
    <skipped/>
  </testcase> <!-- TC_06_Customised_Statement_With_Minimum_Transaction_Value_Have_Special_Character -->
  <testcase classname="testcases.com.bankguru.statement.Customised_Statement" name="TC_09_Customized_Statement_With_Number_Of_Tracsaction_Have_Special_Character" time="0.000">
    <skipped/>
  </testcase> <!-- TC_09_Customized_Statement_With_Number_Of_Tracsaction_Have_Special_Character -->
  <testcase classname="testcases.com.bankguru.statement.Customised_Statement" name="TC_05_Customised_Statement_With_Minimum_Transaction_Value_Have_Character" time="0.000">
    <skipped/>
  </testcase> <!-- TC_05_Customised_Statement_With_Minimum_Transaction_Value_Have_Character -->
  <testcase classname="testcases.com.bankguru.statement.Customised_Statement" name="TC_02_Customised_Statement_With_Account_Number_Have_Character" time="0.000">
    <skipped/>
  </testcase> <!-- TC_02_Customised_Statement_With_Account_Number_Have_Character -->
  <testcase classname="testcases.com.bankguru.statement.Customised_Statement" name="TC_05_Customised_Statement_With_Minimum_Transaction_Value_Have_Character" time="0.000">
    <skipped/>
  </testcase> <!-- TC_05_Customised_Statement_With_Minimum_Transaction_Value_Have_Character -->
  <testcase classname="testcases.com.bankguru.statement.Customised_Statement" name="TC_01_Customised_Statement_With_Account_Number_Is_Empty" time="0.000">
    <skipped/>
  </testcase> <!-- TC_01_Customised_Statement_With_Account_Number_Is_Empty -->
  <testcase classname="testcases.com.bankguru.statement.Customised_Statement" name="TC_07_Customised_Statement_With_Minimum_Transaction_Value_Have_Character_Space" time="0.000">
    <skipped/>
  </testcase> <!-- TC_07_Customised_Statement_With_Minimum_Transaction_Value_Have_Character_Space -->
  <testcase classname="testcases.com.bankguru.statement.Customised_Statement" name="TC_07_Customised_Statement_With_Minimum_Transaction_Value_Have_Character_Space" time="0.000">
    <skipped/>
  </testcase> <!-- TC_07_Customised_Statement_With_Minimum_Transaction_Value_Have_Character_Space -->
  <testcase classname="testcases.com.bankguru.statement.Customised_Statement" name="TC_10_Customized_Statement_With_Number_Of_Tracsaction_Have_Character_Space" time="0.000">
    <skipped/>
  </testcase> <!-- TC_10_Customized_Statement_With_Number_Of_Tracsaction_Have_Character_Space -->
  <testcase classname="testcases.com.bankguru.statement.Customised_Statement" name="TC_06_Customised_Statement_With_Minimum_Transaction_Value_Have_Special_Character" time="0.000">
    <skipped/>
  </testcase> <!-- TC_06_Customised_Statement_With_Minimum_Transaction_Value_Have_Special_Character -->
  <testcase classname="testcases.com.bankguru.statement.Customised_Statement" name="TC_04_Customised_Statement_With_Account_Number_Have_Character_Space" time="0.000">
    <skipped/>
  </testcase> <!-- TC_04_Customised_Statement_With_Account_Number_Have_Character_Space -->
  <testcase classname="testcases.com.bankguru.statement.Customised_Statement" name="TC_04_Customised_Statement_With_Account_Number_Have_Character_Space" time="0.000">
    <skipped/>
  </testcase> <!-- TC_04_Customised_Statement_With_Account_Number_Have_Character_Space -->
  <testcase classname="testcases.com.bankguru.statement.Customised_Statement" name="TC_02_Customised_Statement_With_Account_Number_Have_Character" time="0.000">
    <skipped/>
  </testcase> <!-- TC_02_Customised_Statement_With_Account_Number_Have_Character -->
  <testcase classname="testcases.com.bankguru.statement.Customised_Statement" name="TC_01_Customised_Statement_With_Account_Number_Is_Empty" time="0.000">
    <skipped/>
  </testcase> <!-- TC_01_Customised_Statement_With_Account_Number_Is_Empty -->
  <testcase classname="testcases.com.bankguru.statement.Customised_Statement" name="TC_08_Customized_Statement_With_Number_Of_Tracsaction_Have_Character" time="0.000">
    <skipped/>
  </testcase> <!-- TC_08_Customized_Statement_With_Number_Of_Tracsaction_Have_Character -->
  <testcase classname="testcases.com.bankguru.statement.Customised_Statement" name="TC_03_Customised_Statement_With_Account_Number_Have_Special_Character" time="0.000">
    <skipped/>
  </testcase> <!-- TC_03_Customised_Statement_With_Account_Number_Have_Special_Character -->
  <testcase classname="testcases.com.bankguru.statement.Customised_Statement" name="TC_08_Customized_Statement_With_Number_Of_Tracsaction_Have_Character" time="0.000">
    <skipped/>
  </testcase> <!-- TC_08_Customized_Statement_With_Number_Of_Tracsaction_Have_Character -->
  <testcase classname="testcases.com.bankguru.statement.Customised_Statement" name="TC_10_Customized_Statement_With_Number_Of_Tracsaction_Have_Character_Space" time="0.000">
    <skipped/>
  </testcase> <!-- TC_10_Customized_Statement_With_Number_Of_Tracsaction_Have_Character_Space -->
  <testcase classname="testcases.com.bankguru.statement.Customised_Statement" name="TC_09_Customized_Statement_With_Number_Of_Tracsaction_Have_Special_Character" time="0.000">
    <skipped/>
  </testcase> <!-- TC_09_Customized_Statement_With_Number_Of_Tracsaction_Have_Special_Character -->
  <testcase classname="testcases.com.bankguru.statement.Customised_Statement" name="TC_03_Customised_Statement_With_Account_Number_Have_Special_Character" time="0.000">
    <skipped/>
  </testcase> <!-- TC_03_Customised_Statement_With_Account_Number_Have_Special_Character -->
</testsuite> <!-- testcases.com.bankguru.statement.Customised_Statement -->
