<?xml version="1.0" encoding="UTF-8"?>
<!-- Generated by org.testng.reporters.JUnitReportReporter -->
<testsuite hostname="DESKTOP-C1IFLQ8" failures="0" tests="8" name="testcases.com.bankguru.account.Account_02_Edit_Account" time="23.610" errors="0" timestamp="10 Oct 2023 10:52:52 GMT" skipped="0">
  <testcase classname="testcases.com.bankguru.account.Account_02_Edit_Account" name="TC_03_Edit_Account_With_Account_Number_Have_Special_Character" time="5.235"/>
  <testcase classname="testcases.com.bankguru.account.Account_02_Edit_Account" name="TC_01_Edit_Account_With_Account_Number_Is_Empty" time="0.969"/>
  <testcase classname="testcases.com.bankguru.account.Account_02_Edit_Account" name="TC_02_Edit_Account_With_Account_Number_Have_Character" time="1.089"/>
  <testcase classname="testcases.com.bankguru.account.Account_02_Edit_Account" name="TC_01_Edit_Account_With_Account_Number_Is_Empty" time="3.687"/>
  <testcase classname="testcases.com.bankguru.account.Account_02_Edit_Account" name="TC_03_Edit_Account_With_Account_Number_Have_Special_Space" time="5.242"/>
  <testcase classname="testcases.com.bankguru.account.Account_02_Edit_Account" name="TC_02_Edit_Account_With_Account_Number_Have_Character" time="5.213"/>
  <testcase classname="testcases.com.bankguru.account.Account_02_Edit_Account" name="TC_03_Edit_Account_With_Account_Number_Have_Special_Character" time="1.186"/>
  <testcase classname="testcases.com.bankguru.account.Account_02_Edit_Account" name="TC_03_Edit_Account_With_Account_Number_Have_Special_Space" time="0.989"/>
</testsuite> <!-- testcases.com.bankguru.account.Account_02_Edit_Account -->
