<?xml version="1.0" encoding="UTF-8"?>
<!-- Generated by org.testng.reporters.JUnitReportReporter -->
<testsuite hostname="DESKTOP-C1IFLQ8" failures="0" tests="12" name="testcases.com.bankguru.Change_Password" time="17.534" errors="0" timestamp="10 Oct 2023 10:52:52 GMT" skipped="0">
  <testcase classname="testcases.com.bankguru.Change_Password" name="TC_04_Change_Password_With_New_Password_Have_Not_Special_Character" time="0.897"/>
  <testcase classname="testcases.com.bankguru.Change_Password" name="TC_05_Change_Password_With_New_Password_Have_Password_Terms" time="0.852"/>
  <testcase classname="testcases.com.bankguru.Change_Password" name="TC_06_Change_Password_With_Confirm_Password_Not_Match_Password" time="0.595"/>
  <testcase classname="testcases.com.bankguru.Change_Password" name="TC_01_Change_Password_With_Old_Password_Is_Empty" time="0.720"/>
  <testcase classname="testcases.com.bankguru.Change_Password" name="TC_03_Change_Password_With_New_Password_Have_Not_Number" time="1.267"/>
  <testcase classname="testcases.com.bankguru.Change_Password" name="TC_02_Change_Password_With_New_Password_Is_Empty" time="5.234"/>
  <testcase classname="testcases.com.bankguru.Change_Password" name="TC_04_Change_Password_With_New_Password_Have_Not_Special_Character" time="0.771"/>
  <testcase classname="testcases.com.bankguru.Change_Password" name="TC_01_Change_Password_With_Old_Password_Is_Empty" time="4.104"/>
  <testcase classname="testcases.com.bankguru.Change_Password" name="TC_05_Change_Password_With_New_Password_Have_Password_Terms" time="0.823"/>
  <testcase classname="testcases.com.bankguru.Change_Password" name="TC_02_Change_Password_With_New_Password_Is_Empty" time="0.765"/>
  <testcase classname="testcases.com.bankguru.Change_Password" name="TC_03_Change_Password_With_New_Password_Have_Not_Number" time="0.764"/>
  <testcase classname="testcases.com.bankguru.Change_Password" name="TC_06_Change_Password_With_Confirm_Password_Not_Match_Password" time="0.742"/>
</testsuite> <!-- testcases.com.bankguru.Change_Password -->
