<?xml version="1.0" encoding="UTF-8"?>
<!-- Generated by org.testng.reporters.JUnitReportReporter -->
<testsuite hostname="DESKTOP-C1IFLQ8" failures="0" tests="8" name="testcases.com.bankguru.customer.Customer_03_Delete_Customer" time="0.000" errors="0" timestamp="29 Nov 2023 08:28:09 GMT" skipped="8">
  <testcase classname="testcases.com.bankguru.customer.Customer_03_Delete_Customer" name="TC_01_Delete_Customer_With_CustomerID_Is_Empty" time="0.000">
    <skipped/>
  </testcase> <!-- TC_01_Delete_Customer_With_CustomerID_Is_Empty -->
  <testcase classname="testcases.com.bankguru.customer.Customer_03_Delete_Customer" name="TC_02_Delete_Customer_With_CustomerID_Have_Character" time="0.000">
    <skipped/>
  </testcase> <!-- TC_02_Delete_Customer_With_CustomerID_Have_Character -->
  <testcase classname="testcases.com.bankguru.customer.Customer_03_Delete_Customer" name="TC_01_Delete_Customer_With_CustomerID_Is_Empty" time="0.000">
    <skipped/>
  </testcase> <!-- TC_01_Delete_Customer_With_CustomerID_Is_Empty -->
  <testcase classname="testcases.com.bankguru.customer.Customer_03_Delete_Customer" name="TC_04_Delete_Customer_With_CustomerID_Have_First_Character_Space" time="0.000">
    <skipped/>
  </testcase> <!-- TC_04_Delete_Customer_With_CustomerID_Have_First_Character_Space -->
  <testcase classname="testcases.com.bankguru.customer.Customer_03_Delete_Customer" name="TC_04_Delete_Customer_With_CustomerID_Have_First_Character_Space" time="0.000">
    <skipped/>
  </testcase> <!-- TC_04_Delete_Customer_With_CustomerID_Have_First_Character_Space -->
  <testcase classname="testcases.com.bankguru.customer.Customer_03_Delete_Customer" name="TC_03_Delete_Customer_With_CustomerID_Have_Special_Character" time="0.000">
    <skipped/>
  </testcase> <!-- TC_03_Delete_Customer_With_CustomerID_Have_Special_Character -->
  <testcase classname="testcases.com.bankguru.customer.Customer_03_Delete_Customer" name="TC_02_Delete_Customer_With_CustomerID_Have_Character" time="0.000">
    <skipped/>
  </testcase> <!-- TC_02_Delete_Customer_With_CustomerID_Have_Character -->
  <testcase classname="testcases.com.bankguru.customer.Customer_03_Delete_Customer" name="TC_03_Delete_Customer_With_CustomerID_Have_Special_Character" time="0.000">
    <skipped/>
  </testcase> <!-- TC_03_Delete_Customer_With_CustomerID_Have_Special_Character -->
</testsuite> <!-- testcases.com.bankguru.customer.Customer_03_Delete_Customer -->
