<?xml version="1.0" encoding="UTF-8"?>
<!-- Generated by org.testng.reporters.JUnitReportReporter -->
<testsuite hostname="DESKTOP-C1IFLQ8" failures="0" tests="10" name="testcases.com.bankguru.account.Account_01_New_Account" time="10.067" errors="0" timestamp="10 Oct 2023 10:52:52 GMT" skipped="0">
  <testcase classname="testcases.com.bankguru.account.Account_01_New_Account" name="TC_01_New_Account_With_CustomerId_Is_Special_Character" time="4.058"/>
  <testcase classname="testcases.com.bankguru.account.Account_01_New_Account" name="TC_02_New_Account_With_CustomerId_Have_Special_Character" time="0.513"/>
  <testcase classname="testcases.com.bankguru.account.Account_01_New_Account" name="TC_04_New_Account_With_Initial_Deposit_Have_Character" time="0.684"/>
  <testcase classname="testcases.com.bankguru.account.Account_01_New_Account" name="TC_03_New_Account_With_CustomerId_Have_Character" time="0.499"/>
  <testcase classname="testcases.com.bankguru.account.Account_01_New_Account" name="TC_03_New_Account_With_CustomerId_Have_Character" time="0.717"/>
  <testcase classname="testcases.com.bankguru.account.Account_01_New_Account" name="TC_05_New_Account_With_Initial_Deposit_Have_Special_Character" time="0.515"/>
  <testcase classname="testcases.com.bankguru.account.Account_01_New_Account" name="TC_04_New_Account_With_Initial_Deposit_Have_Character" time="0.544"/>
  <testcase classname="testcases.com.bankguru.account.Account_01_New_Account" name="TC_01_New_Account_With_CustomerId_Is_Special_Character" time="0.649"/>
  <testcase classname="testcases.com.bankguru.account.Account_01_New_Account" name="TC_05_New_Account_With_Initial_Deposit_Have_Special_Character" time="0.769"/>
  <testcase classname="testcases.com.bankguru.account.Account_01_New_Account" name="TC_02_New_Account_With_CustomerId_Have_Special_Character" time="1.119"/>
</testsuite> <!-- testcases.com.bankguru.account.Account_01_New_Account -->
