<?xml version="1.0" encoding="UTF-8"?>
<!-- Generated by org.testng.reporters.JUnitReportReporter -->
<testsuite hostname="DESKTOP-C1IFLQ8" failures="0" tests="10" name="testcases.com.bankguru.customer.Customer_01_New_Customer" time="0.000" errors="0" timestamp="29 Nov 2023 08:28:09 GMT" skipped="10">
  <testcase classname="testcases.com.bankguru.customer.Customer_01_New_Customer" name="TC_04_New_Customer_With_Name_Start_As_Blank_Character" time="0.000">
    <skipped/>
  </testcase> <!-- TC_04_New_Customer_With_Name_Start_As_Blank_Character -->
  <testcase classname="testcases.com.bankguru.customer.Customer_01_New_Customer" name="TC_02_New_Customer_With_Name_Number" time="0.000">
    <skipped/>
  </testcase> <!-- TC_02_New_Customer_With_Name_Number -->
  <testcase classname="testcases.com.bankguru.customer.Customer_01_New_Customer" name="TC_02_New_Customer_With_Name_Number" time="0.000">
    <skipped/>
  </testcase> <!-- TC_02_New_Customer_With_Name_Number -->
  <testcase classname="testcases.com.bankguru.customer.Customer_01_New_Customer" name="TC_03_New_Customer_With_Name_Have_Special_Character" time="0.000">
    <skipped/>
  </testcase> <!-- TC_03_New_Customer_With_Name_Have_Special_Character -->
  <testcase classname="testcases.com.bankguru.customer.Customer_01_New_Customer" name="TC_01_New_Customer_With_Name_Empty" time="0.000">
    <skipped/>
  </testcase> <!-- TC_01_New_Customer_With_Name_Empty -->
  <testcase classname="testcases.com.bankguru.customer.Customer_01_New_Customer" name="TC_03_New_Customer_With_Name_Have_Special_Character" time="0.000">
    <skipped/>
  </testcase> <!-- TC_03_New_Customer_With_Name_Have_Special_Character -->
  <testcase classname="testcases.com.bankguru.customer.Customer_01_New_Customer" name="TC_05_New_Customer_With_Address_Empty" time="0.000">
    <skipped/>
  </testcase> <!-- TC_05_New_Customer_With_Address_Empty -->
  <testcase classname="testcases.com.bankguru.customer.Customer_01_New_Customer" name="TC_04_New_Customer_With_Name_Start_As_Blank_Character" time="0.000">
    <skipped/>
  </testcase> <!-- TC_04_New_Customer_With_Name_Start_As_Blank_Character -->
  <testcase classname="testcases.com.bankguru.customer.Customer_01_New_Customer" name="TC_01_New_Customer_With_Name_Empty" time="0.000">
    <skipped/>
  </testcase> <!-- TC_01_New_Customer_With_Name_Empty -->
  <testcase classname="testcases.com.bankguru.customer.Customer_01_New_Customer" name="TC_05_New_Customer_With_Address_Empty" time="0.000">
    <skipped/>
  </testcase> <!-- TC_05_New_Customer_With_Address_Empty -->
</testsuite> <!-- testcases.com.bankguru.customer.Customer_01_New_Customer -->
