<?xml version="1.0" encoding="UTF-8"?>
<!-- Generated by org.testng.reporters.JUnitReportReporter -->
<testsuite hostname="DESKTOP-C1IFLQ8" failures="0" tests="22" name="testcases.com.bankguru.customer.Customer_02_Edit_Customer" time="50.454" errors="0" timestamp="05 Oct 2023 14:53:58 GMT" skipped="0">
  <testcase classname="testcases.com.bankguru.customer.Customer_02_Edit_Customer" name="TC_11_Edit_Customer_With_Email_Address_Is_Invalid" time="1.963"/>
  <testcase classname="testcases.com.bankguru.customer.Customer_02_Edit_Customer" name="TC_02_Edit_Customer_With_CustomerId_Is_Valid" time="1.555"/>
  <testcase classname="testcases.com.bankguru.customer.Customer_02_Edit_Customer" name="TC_04_Edit_Customer_With_City_Is_Blank" time="1.766"/>
  <testcase classname="testcases.com.bankguru.customer.Customer_02_Edit_Customer" name="TC_07_Edit_Customer_With_State_Have_Special_Character" time="1.989"/>
  <testcase classname="testcases.com.bankguru.customer.Customer_02_Edit_Customer" name="TC_08_Edit_Customer_With_PIN_Have_Character" time="1.970"/>
  <testcase classname="testcases.com.bankguru.customer.Customer_02_Edit_Customer" name="TC_01_Edit_Customer_With_CustomerId_Is_Special_Character" time="0.834"/>
  <testcase classname="testcases.com.bankguru.customer.Customer_02_Edit_Customer" name="TC_09_Edit_Customer_With_PIN_More_Six_Number" time="1.758"/>
  <testcase classname="testcases.com.bankguru.customer.Customer_02_Edit_Customer" name="TC_05_Edit_Customer_With_City_Have_Number" time="1.786"/>
  <testcase classname="testcases.com.bankguru.customer.Customer_02_Edit_Customer" name="TC_10_Edit_Customer_With_Mobile_Number_Have_Character" time="2.028"/>
  <testcase classname="testcases.com.bankguru.customer.Customer_02_Edit_Customer" name="TC_03_Edit_Customer_With_EmailAddress_Is_Blank" time="6.918"/>
  <testcase classname="testcases.com.bankguru.customer.Customer_02_Edit_Customer" name="TC_09_Edit_Customer_With_PIN_More_Six_Number" time="1.922"/>
  <testcase classname="testcases.com.bankguru.customer.Customer_02_Edit_Customer" name="TC_06_Edit_Customer_With_State_Is_Blank" time="2.331"/>
  <testcase classname="testcases.com.bankguru.customer.Customer_02_Edit_Customer" name="TC_07_Edit_Customer_With_State_Have_Special_Character" time="1.776"/>
  <testcase classname="testcases.com.bankguru.customer.Customer_02_Edit_Customer" name="TC_10_Edit_Customer_With_Mobile_Number_Have_Character" time="1.865"/>
  <testcase classname="testcases.com.bankguru.customer.Customer_02_Edit_Customer" name="TC_05_Edit_Customer_With_City_Have_Number" time="2.522"/>
  <testcase classname="testcases.com.bankguru.customer.Customer_02_Edit_Customer" name="TC_08_Edit_Customer_With_PIN_Have_Character" time="1.772"/>
  <testcase classname="testcases.com.bankguru.customer.Customer_02_Edit_Customer" name="TC_03_Edit_Customer_With_EmailAddress_Is_Blank" time="1.797"/>
  <testcase classname="testcases.com.bankguru.customer.Customer_02_Edit_Customer" name="TC_01_Edit_Customer_With_CustomerId_Is_Special_Character" time="0.952"/>
  <testcase classname="testcases.com.bankguru.customer.Customer_02_Edit_Customer" name="TC_04_Edit_Customer_With_City_Is_Blank" time="7.802"/>
  <testcase classname="testcases.com.bankguru.customer.Customer_02_Edit_Customer" name="TC_02_Edit_Customer_With_CustomerId_Is_Valid" time="1.599"/>
  <testcase classname="testcases.com.bankguru.customer.Customer_02_Edit_Customer" name="TC_06_Edit_Customer_With_State_Is_Blank" time="1.801"/>
  <testcase classname="testcases.com.bankguru.customer.Customer_02_Edit_Customer" name="TC_11_Edit_Customer_With_Email_Address_Is_Invalid" time="1.748"/>
</testsuite> <!-- testcases.com.bankguru.customer.Customer_02_Edit_Customer -->
