<?xml version="1.0" encoding="UTF-8"?>
<!-- Generated by org.testng.reporters.JUnitReportReporter -->
<testsuite hostname="DESKTOP-C1IFLQ8" failures="0" tests="8" name="testcases.com.bankguru.customer.Customer_03_Delete_Customer" time="23.524" errors="0" timestamp="10 Oct 2023 10:52:52 GMT" skipped="0">
  <testcase classname="testcases.com.bankguru.customer.Customer_03_Delete_Customer" name="TC_01_Delete_Customer_With_CustomerID_Is_Empty" time="0.899"/>
  <testcase classname="testcases.com.bankguru.customer.Customer_03_Delete_Customer" name="TC_02_Delete_Customer_With_CustomerID_Have_Character" time="0.889"/>
  <testcase classname="testcases.com.bankguru.customer.Customer_03_Delete_Customer" name="TC_02_Delete_Customer_With_CustomerID_Have_Character" time="5.264"/>
  <testcase classname="testcases.com.bankguru.customer.Customer_03_Delete_Customer" name="TC_05_Delete_Customer_Successful" time="1.496"/>
  <testcase classname="testcases.com.bankguru.customer.Customer_03_Delete_Customer" name="TC_03_Delete_Customer_With_CustomerID_Have_Special_Character" time="0.929"/>
  <testcase classname="testcases.com.bankguru.customer.Customer_03_Delete_Customer" name="TC_03_Delete_Customer_With_CustomerID_Have_Special_Character" time="5.267"/>
  <testcase classname="testcases.com.bankguru.customer.Customer_03_Delete_Customer" name="TC_05_Delete_Customer_Successful" time="2.543"/>
  <testcase classname="testcases.com.bankguru.customer.Customer_03_Delete_Customer" name="TC_01_Delete_Customer_With_CustomerID_Is_Empty" time="6.237"/>
</testsuite> <!-- testcases.com.bankguru.customer.Customer_03_Delete_Customer -->
