<?xml version="1.0" encoding="UTF-8"?>
<!-- Generated by org.testng.reporters.JUnitReportReporter -->
<testsuite hostname="DESKTOP-C1IFLQ8" failures="0" tests="8" name="testcases.com.bankguru.statement.Mini_Statement" time="0.000" errors="0" timestamp="29 Nov 2023 08:28:09 GMT" skipped="8">
  <testcase classname="testcases.com.bankguru.statement.Mini_Statement" name="TC_02_Mini_Statement_With_Account_Number_Have_Character" time="0.000">
    <skipped/>
  </testcase> <!-- TC_02_Mini_Statement_With_Account_Number_Have_Character -->
  <testcase classname="testcases.com.bankguru.statement.Mini_Statement" name="TC_01_Mini_Statement_With_Account_Number_Is_Empty" time="0.000">
    <skipped/>
  </testcase> <!-- TC_01_Mini_Statement_With_Account_Number_Is_Empty -->
  <testcase classname="testcases.com.bankguru.statement.Mini_Statement" name="TC_03_Mini_Statement_With_Account_Number_Have_Special_Character" time="0.000">
    <skipped/>
  </testcase> <!-- TC_03_Mini_Statement_With_Account_Number_Have_Special_Character -->
  <testcase classname="testcases.com.bankguru.statement.Mini_Statement" name="TC_04_Mini_Statement_With_Account_Number_Have_Special_Space" time="0.000">
    <skipped/>
  </testcase> <!-- TC_04_Mini_Statement_With_Account_Number_Have_Special_Space -->
  <testcase classname="testcases.com.bankguru.statement.Mini_Statement" name="TC_03_Mini_Statement_With_Account_Number_Have_Special_Character" time="0.000">
    <skipped/>
  </testcase> <!-- TC_03_Mini_Statement_With_Account_Number_Have_Special_Character -->
  <testcase classname="testcases.com.bankguru.statement.Mini_Statement" name="TC_01_Mini_Statement_With_Account_Number_Is_Empty" time="0.000">
    <skipped/>
  </testcase> <!-- TC_01_Mini_Statement_With_Account_Number_Is_Empty -->
  <testcase classname="testcases.com.bankguru.statement.Mini_Statement" name="TC_04_Mini_Statement_With_Account_Number_Have_Special_Space" time="0.000">
    <skipped/>
  </testcase> <!-- TC_04_Mini_Statement_With_Account_Number_Have_Special_Space -->
  <testcase classname="testcases.com.bankguru.statement.Mini_Statement" name="TC_02_Mini_Statement_With_Account_Number_Have_Character" time="0.000">
    <skipped/>
  </testcase> <!-- TC_02_Mini_Statement_With_Account_Number_Have_Character -->
</testsuite> <!-- testcases.com.bankguru.statement.Mini_Statement -->
