<?xml version="1.0" encoding="UTF-8"?>
<!-- Generated by org.testng.reporters.JUnitReportReporter -->
<testsuite hostname="DESKTOP-C1IFLQ8" failures="0" tests="22" name="testcases.com.bankguru.customer.Customer_02_Edit_Customer" time="0.000" errors="0" timestamp="29 Nov 2023 08:28:09 GMT" skipped="22">
  <testcase classname="testcases.com.bankguru.customer.Customer_02_Edit_Customer" name="TC_11_Edit_Customer_With_Email_Address_Is_Invalid" time="0.000">
    <skipped/>
  </testcase> <!-- TC_11_Edit_Customer_With_Email_Address_Is_Invalid -->
  <testcase classname="testcases.com.bankguru.customer.Customer_02_Edit_Customer" name="TC_07_Edit_Customer_With_State_Have_Special_Character" time="0.000">
    <skipped/>
  </testcase> <!-- TC_07_Edit_Customer_With_State_Have_Special_Character -->
  <testcase classname="testcases.com.bankguru.customer.Customer_02_Edit_Customer" name="TC_03_Edit_Customer_With_EmailAddress_Is_Blank" time="0.000">
    <skipped/>
  </testcase> <!-- TC_03_Edit_Customer_With_EmailAddress_Is_Blank -->
  <testcase classname="testcases.com.bankguru.customer.Customer_02_Edit_Customer" name="TC_06_Edit_Customer_With_State_Is_Blank" time="0.000">
    <skipped/>
  </testcase> <!-- TC_06_Edit_Customer_With_State_Is_Blank -->
  <testcase classname="testcases.com.bankguru.customer.Customer_02_Edit_Customer" name="TC_10_Edit_Customer_With_Mobile_Number_Have_Character" time="0.000">
    <skipped/>
  </testcase> <!-- TC_10_Edit_Customer_With_Mobile_Number_Have_Character -->
  <testcase classname="testcases.com.bankguru.customer.Customer_02_Edit_Customer" name="TC_02_Edit_Customer_With_CustomerId_Is_Valid" time="0.000">
    <skipped/>
  </testcase> <!-- TC_02_Edit_Customer_With_CustomerId_Is_Valid -->
  <testcase classname="testcases.com.bankguru.customer.Customer_02_Edit_Customer" name="TC_08_Edit_Customer_With_PIN_Have_Character" time="0.000">
    <skipped/>
  </testcase> <!-- TC_08_Edit_Customer_With_PIN_Have_Character -->
  <testcase classname="testcases.com.bankguru.customer.Customer_02_Edit_Customer" name="TC_05_Edit_Customer_With_City_Have_Number" time="0.000">
    <skipped/>
  </testcase> <!-- TC_05_Edit_Customer_With_City_Have_Number -->
  <testcase classname="testcases.com.bankguru.customer.Customer_02_Edit_Customer" name="TC_04_Edit_Customer_With_City_Is_Blank" time="0.000">
    <skipped/>
  </testcase> <!-- TC_04_Edit_Customer_With_City_Is_Blank -->
  <testcase classname="testcases.com.bankguru.customer.Customer_02_Edit_Customer" name="TC_08_Edit_Customer_With_PIN_Have_Character" time="0.000">
    <skipped/>
  </testcase> <!-- TC_08_Edit_Customer_With_PIN_Have_Character -->
  <testcase classname="testcases.com.bankguru.customer.Customer_02_Edit_Customer" name="TC_11_Edit_Customer_With_Email_Address_Is_Invalid" time="0.000">
    <skipped/>
  </testcase> <!-- TC_11_Edit_Customer_With_Email_Address_Is_Invalid -->
  <testcase classname="testcases.com.bankguru.customer.Customer_02_Edit_Customer" name="TC_09_Edit_Customer_With_PIN_More_Six_Number" time="0.000">
    <skipped/>
  </testcase> <!-- TC_09_Edit_Customer_With_PIN_More_Six_Number -->
  <testcase classname="testcases.com.bankguru.customer.Customer_02_Edit_Customer" name="TC_03_Edit_Customer_With_EmailAddress_Is_Blank" time="0.000">
    <skipped/>
  </testcase> <!-- TC_03_Edit_Customer_With_EmailAddress_Is_Blank -->
  <testcase classname="testcases.com.bankguru.customer.Customer_02_Edit_Customer" name="TC_10_Edit_Customer_With_Mobile_Number_Have_Character" time="0.000">
    <skipped/>
  </testcase> <!-- TC_10_Edit_Customer_With_Mobile_Number_Have_Character -->
  <testcase classname="testcases.com.bankguru.customer.Customer_02_Edit_Customer" name="TC_01_Edit_Customer_With_CustomerId_Is_Special_Character" time="0.000">
    <skipped/>
  </testcase> <!-- TC_01_Edit_Customer_With_CustomerId_Is_Special_Character -->
  <testcase classname="testcases.com.bankguru.customer.Customer_02_Edit_Customer" name="TC_09_Edit_Customer_With_PIN_More_Six_Number" time="0.000">
    <skipped/>
  </testcase> <!-- TC_09_Edit_Customer_With_PIN_More_Six_Number -->
  <testcase classname="testcases.com.bankguru.customer.Customer_02_Edit_Customer" name="TC_04_Edit_Customer_With_City_Is_Blank" time="0.000">
    <skipped/>
  </testcase> <!-- TC_04_Edit_Customer_With_City_Is_Blank -->
  <testcase classname="testcases.com.bankguru.customer.Customer_02_Edit_Customer" name="TC_06_Edit_Customer_With_State_Is_Blank" time="0.000">
    <skipped/>
  </testcase> <!-- TC_06_Edit_Customer_With_State_Is_Blank -->
  <testcase classname="testcases.com.bankguru.customer.Customer_02_Edit_Customer" name="TC_07_Edit_Customer_With_State_Have_Special_Character" time="0.000">
    <skipped/>
  </testcase> <!-- TC_07_Edit_Customer_With_State_Have_Special_Character -->
  <testcase classname="testcases.com.bankguru.customer.Customer_02_Edit_Customer" name="TC_01_Edit_Customer_With_CustomerId_Is_Special_Character" time="0.000">
    <skipped/>
  </testcase> <!-- TC_01_Edit_Customer_With_CustomerId_Is_Special_Character -->
  <testcase classname="testcases.com.bankguru.customer.Customer_02_Edit_Customer" name="TC_02_Edit_Customer_With_CustomerId_Is_Valid" time="0.000">
    <skipped/>
  </testcase> <!-- TC_02_Edit_Customer_With_CustomerId_Is_Valid -->
  <testcase classname="testcases.com.bankguru.customer.Customer_02_Edit_Customer" name="TC_05_Edit_Customer_With_City_Have_Number" time="0.000">
    <skipped/>
  </testcase> <!-- TC_05_Edit_Customer_With_City_Have_Number -->
</testsuite> <!-- testcases.com.bankguru.customer.Customer_02_Edit_Customer -->
