<?xml version="1.0" encoding="UTF-8"?>
<!-- Generated by org.testng.reporters.JUnitReportReporter -->
<testsuite hostname="DESKTOP-C1IFLQ8" failures="0" tests="8" name="testcases.com.bankguru.account.Account_02_Edit_Account" time="23.676" errors="0" timestamp="05 Oct 2023 14:53:58 GMT" skipped="0">
  <testcase classname="testcases.com.bankguru.account.Account_02_Edit_Account" name="TC_02_Edit_Account_With_Account_Number_Have_Character" time="0.934"/>
  <testcase classname="testcases.com.bankguru.account.Account_02_Edit_Account" name="TC_01_Edit_Account_With_Account_Number_Is_Empty" time="0.933"/>
  <testcase classname="testcases.com.bankguru.account.Account_02_Edit_Account" name="TC_01_Edit_Account_With_Account_Number_Is_Empty" time="3.628"/>
  <testcase classname="testcases.com.bankguru.account.Account_02_Edit_Account" name="TC_03_Edit_Account_With_Account_Number_Have_Special_Space" time="0.960"/>
  <testcase classname="testcases.com.bankguru.account.Account_02_Edit_Account" name="TC_02_Edit_Account_With_Account_Number_Have_Character" time="5.242"/>
  <testcase classname="testcases.com.bankguru.account.Account_02_Edit_Account" name="TC_03_Edit_Account_With_Account_Number_Have_Special_Character" time="5.226"/>
  <testcase classname="testcases.com.bankguru.account.Account_02_Edit_Account" name="TC_03_Edit_Account_With_Account_Number_Have_Special_Space" time="5.243"/>
  <testcase classname="testcases.com.bankguru.account.Account_02_Edit_Account" name="TC_03_Edit_Account_With_Account_Number_Have_Special_Character" time="1.510"/>
</testsuite> <!-- testcases.com.bankguru.account.Account_02_Edit_Account -->
