<?xml version="1.0" encoding="UTF-8"?>
<!-- Generated by org.testng.reporters.JUnitReportReporter -->
<testsuite hostname="DESKTOP-C1IFLQ8" failures="0" tests="20" name="testcases.com.bankguru.statement.Customised_Statement" time="36.524" errors="0" timestamp="05 Oct 2023 14:53:58 GMT" skipped="0">
  <testcase classname="testcases.com.bankguru.statement.Customised_Statement" name="TC_10_Customized_Statement_With_Number_Of_Tracsaction_Have_Character_Space" time="1.063"/>
  <testcase classname="testcases.com.bankguru.statement.Customised_Statement" name="TC_09_Customized_Statement_With_Number_Of_Tracsaction_Have_Special_Character" time="1.188"/>
  <testcase classname="testcases.com.bankguru.statement.Customised_Statement" name="TC_05_Customised_Statement_With_Minimum_Transaction_Value_Have_Character" time="0.913"/>
  <testcase classname="testcases.com.bankguru.statement.Customised_Statement" name="TC_02_Customised_Statement_With_Account_Number_Have_Character" time="5.704"/>
  <testcase classname="testcases.com.bankguru.statement.Customised_Statement" name="TC_04_Customised_Statement_With_Account_Number_Have_Character_Space" time="5.233"/>
  <testcase classname="testcases.com.bankguru.statement.Customised_Statement" name="TC_01_Customised_Statement_With_Account_Number_Is_Empty" time="0.965"/>
  <testcase classname="testcases.com.bankguru.statement.Customised_Statement" name="TC_01_Customised_Statement_With_Account_Number_Is_Empty" time="3.727"/>
  <testcase classname="testcases.com.bankguru.statement.Customised_Statement" name="TC_02_Customised_Statement_With_Account_Number_Have_Character" time="0.972"/>
  <testcase classname="testcases.com.bankguru.statement.Customised_Statement" name="TC_08_Customized_Statement_With_Number_Of_Tracsaction_Have_Character" time="1.124"/>
  <testcase classname="testcases.com.bankguru.statement.Customised_Statement" name="TC_09_Customized_Statement_With_Number_Of_Tracsaction_Have_Special_Character" time="0.920"/>
  <testcase classname="testcases.com.bankguru.statement.Customised_Statement" name="TC_07_Customised_Statement_With_Minimum_Transaction_Value_Have_Character_Space" time="0.916"/>
  <testcase classname="testcases.com.bankguru.statement.Customised_Statement" name="TC_03_Customised_Statement_With_Account_Number_Have_Special_Character" time="5.217"/>
  <testcase classname="testcases.com.bankguru.statement.Customised_Statement" name="TC_06_Customised_Statement_With_Minimum_Transaction_Value_Have_Special_Character" time="0.909"/>
  <testcase classname="testcases.com.bankguru.statement.Customised_Statement" name="TC_03_Customised_Statement_With_Account_Number_Have_Special_Character" time="0.935"/>
  <testcase classname="testcases.com.bankguru.statement.Customised_Statement" name="TC_05_Customised_Statement_With_Minimum_Transaction_Value_Have_Character" time="1.506"/>
  <testcase classname="testcases.com.bankguru.statement.Customised_Statement" name="TC_08_Customized_Statement_With_Number_Of_Tracsaction_Have_Character" time="0.937"/>
  <testcase classname="testcases.com.bankguru.statement.Customised_Statement" name="TC_06_Customised_Statement_With_Minimum_Transaction_Value_Have_Special_Character" time="1.255"/>
  <testcase classname="testcases.com.bankguru.statement.Customised_Statement" name="TC_07_Customised_Statement_With_Minimum_Transaction_Value_Have_Character_Space" time="1.230"/>
  <testcase classname="testcases.com.bankguru.statement.Customised_Statement" name="TC_10_Customized_Statement_With_Number_Of_Tracsaction_Have_Character_Space" time="0.900"/>
  <testcase classname="testcases.com.bankguru.statement.Customised_Statement" name="TC_04_Customised_Statement_With_Account_Number_Have_Character_Space" time="0.910"/>
</testsuite> <!-- testcases.com.bankguru.statement.Customised_Statement -->
