<?xml version="1.0" encoding="UTF-8"?>
<!-- Generated by org.testng.reporters.JUnitReportReporter -->
<testsuite hostname="DESKTOP-C1IFLQ8" failures="0" tests="22" name="testcases.com.bankguru.customer.Customer_02_Edit_Customer" time="89.596" errors="0" timestamp="10 Oct 2023 10:52:52 GMT" skipped="0">
  <testcase classname="testcases.com.bankguru.customer.Customer_02_Edit_Customer" name="TC_06_Edit_Customer_With_State_Is_Blank" time="7.213"/>
  <testcase classname="testcases.com.bankguru.customer.Customer_02_Edit_Customer" name="TC_01_Edit_Customer_With_CustomerId_Is_Special_Character" time="0.754"/>
  <testcase classname="testcases.com.bankguru.customer.Customer_02_Edit_Customer" name="TC_07_Edit_Customer_With_State_Have_Special_Character" time="7.461"/>
  <testcase classname="testcases.com.bankguru.customer.Customer_02_Edit_Customer" name="TC_07_Edit_Customer_With_State_Have_Special_Character" time="1.684"/>
  <testcase classname="testcases.com.bankguru.customer.Customer_02_Edit_Customer" name="TC_09_Edit_Customer_With_PIN_More_Six_Number" time="1.694"/>
  <testcase classname="testcases.com.bankguru.customer.Customer_02_Edit_Customer" name="TC_02_Edit_Customer_With_CustomerId_Is_Valid" time="1.796"/>
  <testcase classname="testcases.com.bankguru.customer.Customer_02_Edit_Customer" name="TC_06_Edit_Customer_With_State_Is_Blank" time="1.667"/>
  <testcase classname="testcases.com.bankguru.customer.Customer_02_Edit_Customer" name="TC_11_Edit_Customer_With_Email_Address_Is_Invalid" time="8.813"/>
  <testcase classname="testcases.com.bankguru.customer.Customer_02_Edit_Customer" name="TC_03_Edit_Customer_With_EmailAddress_Is_Blank" time="7.038"/>
  <testcase classname="testcases.com.bankguru.customer.Customer_02_Edit_Customer" name="TC_09_Edit_Customer_With_PIN_More_Six_Number" time="7.664"/>
  <testcase classname="testcases.com.bankguru.customer.Customer_02_Edit_Customer" name="TC_02_Edit_Customer_With_CustomerId_Is_Valid" time="1.422"/>
  <testcase classname="testcases.com.bankguru.customer.Customer_02_Edit_Customer" name="TC_03_Edit_Customer_With_EmailAddress_Is_Blank" time="1.728"/>
  <testcase classname="testcases.com.bankguru.customer.Customer_02_Edit_Customer" name="TC_08_Edit_Customer_With_PIN_Have_Character" time="7.478"/>
  <testcase classname="testcases.com.bankguru.customer.Customer_02_Edit_Customer" name="TC_05_Edit_Customer_With_City_Have_Number" time="1.654"/>
  <testcase classname="testcases.com.bankguru.customer.Customer_02_Edit_Customer" name="TC_01_Edit_Customer_With_CustomerId_Is_Special_Character" time="0.979"/>
  <testcase classname="testcases.com.bankguru.customer.Customer_02_Edit_Customer" name="TC_10_Edit_Customer_With_Mobile_Number_Have_Character" time="8.501"/>
  <testcase classname="testcases.com.bankguru.customer.Customer_02_Edit_Customer" name="TC_05_Edit_Customer_With_City_Have_Number" time="7.409"/>
  <testcase classname="testcases.com.bankguru.customer.Customer_02_Edit_Customer" name="TC_08_Edit_Customer_With_PIN_Have_Character" time="1.635"/>
  <testcase classname="testcases.com.bankguru.customer.Customer_02_Edit_Customer" name="TC_04_Edit_Customer_With_City_Is_Blank" time="1.702"/>
  <testcase classname="testcases.com.bankguru.customer.Customer_02_Edit_Customer" name="TC_10_Edit_Customer_With_Mobile_Number_Have_Character" time="1.683"/>
  <testcase classname="testcases.com.bankguru.customer.Customer_02_Edit_Customer" name="TC_11_Edit_Customer_With_Email_Address_Is_Invalid" time="1.701"/>
  <testcase classname="testcases.com.bankguru.customer.Customer_02_Edit_Customer" name="TC_04_Edit_Customer_With_City_Is_Blank" time="7.920"/>
</testsuite> <!-- testcases.com.bankguru.customer.Customer_02_Edit_Customer -->
