<?xml version="1.0" encoding="UTF-8"?>
<!-- Generated by org.testng.reporters.JUnitReportReporter -->
<testsuite hostname="DESKTOP-C1IFLQ8" failures="0" tests="12" name="testcases.com.bankguru.Change_Password" time="0.000" errors="0" timestamp="29 Nov 2023 08:28:09 GMT" skipped="12">
  <testcase classname="testcases.com.bankguru.Change_Password" name="TC_02_Change_Password_With_New_Password_Is_Empty" time="0.000">
    <skipped/>
  </testcase> <!-- TC_02_Change_Password_With_New_Password_Is_Empty -->
  <testcase classname="testcases.com.bankguru.Change_Password" name="TC_02_Change_Password_With_New_Password_Is_Empty" time="0.000">
    <skipped/>
  </testcase> <!-- TC_02_Change_Password_With_New_Password_Is_Empty -->
  <testcase classname="testcases.com.bankguru.Change_Password" name="TC_05_Change_Password_With_New_Password_Have_Password_Terms" time="0.000">
    <skipped/>
  </testcase> <!-- TC_05_Change_Password_With_New_Password_Have_Password_Terms -->
  <testcase classname="testcases.com.bankguru.Change_Password" name="TC_04_Change_Password_With_New_Password_Have_Not_Special_Character" time="0.000">
    <skipped/>
  </testcase> <!-- TC_04_Change_Password_With_New_Password_Have_Not_Special_Character -->
  <testcase classname="testcases.com.bankguru.Change_Password" name="TC_04_Change_Password_With_New_Password_Have_Not_Special_Character" time="0.000">
    <skipped/>
  </testcase> <!-- TC_04_Change_Password_With_New_Password_Have_Not_Special_Character -->
  <testcase classname="testcases.com.bankguru.Change_Password" name="TC_06_Change_Password_With_Confirm_Password_Not_Match_Password" time="0.000">
    <skipped/>
  </testcase> <!-- TC_06_Change_Password_With_Confirm_Password_Not_Match_Password -->
  <testcase classname="testcases.com.bankguru.Change_Password" name="TC_01_Change_Password_With_Old_Password_Is_Empty" time="0.000">
    <skipped/>
  </testcase> <!-- TC_01_Change_Password_With_Old_Password_Is_Empty -->
  <testcase classname="testcases.com.bankguru.Change_Password" name="TC_03_Change_Password_With_New_Password_Have_Not_Number" time="0.000">
    <skipped/>
  </testcase> <!-- TC_03_Change_Password_With_New_Password_Have_Not_Number -->
  <testcase classname="testcases.com.bankguru.Change_Password" name="TC_05_Change_Password_With_New_Password_Have_Password_Terms" time="0.000">
    <skipped/>
  </testcase> <!-- TC_05_Change_Password_With_New_Password_Have_Password_Terms -->
  <testcase classname="testcases.com.bankguru.Change_Password" name="TC_01_Change_Password_With_Old_Password_Is_Empty" time="0.000">
    <skipped/>
  </testcase> <!-- TC_01_Change_Password_With_Old_Password_Is_Empty -->
  <testcase classname="testcases.com.bankguru.Change_Password" name="TC_06_Change_Password_With_Confirm_Password_Not_Match_Password" time="0.000">
    <skipped/>
  </testcase> <!-- TC_06_Change_Password_With_Confirm_Password_Not_Match_Password -->
  <testcase classname="testcases.com.bankguru.Change_Password" name="TC_03_Change_Password_With_New_Password_Have_Not_Number" time="0.000">
    <skipped/>
  </testcase> <!-- TC_03_Change_Password_With_New_Password_Have_Not_Number -->
</testsuite> <!-- testcases.com.bankguru.Change_Password -->
