<?xml version="1.0" encoding="UTF-8"?>
<!-- Generated by org.testng.reporters.JUnitReportReporter -->
<testsuite hostname="DESKTOP-C1IFLQ8" failures="0" tests="10" name="testcases.com.bankguru.account.Account_01_New_Account" time="12.433" errors="0" timestamp="05 Oct 2023 14:53:58 GMT" skipped="0">
  <testcase classname="testcases.com.bankguru.account.Account_01_New_Account" name="TC_05_New_Account_With_Initial_Deposit_Have_Special_Character" time="0.560"/>
  <testcase classname="testcases.com.bankguru.account.Account_01_New_Account" name="TC_01_New_Account_With_CustomerId_Is_Special_Character" time="0.897"/>
  <testcase classname="testcases.com.bankguru.account.Account_01_New_Account" name="TC_04_New_Account_With_Initial_Deposit_Have_Character" time="0.635"/>
  <testcase classname="testcases.com.bankguru.account.Account_01_New_Account" name="TC_01_New_Account_With_CustomerId_Is_Special_Character" time="4.014"/>
  <testcase classname="testcases.com.bankguru.account.Account_01_New_Account" name="TC_02_New_Account_With_CustomerId_Have_Special_Character" time="0.569"/>
  <testcase classname="testcases.com.bankguru.account.Account_01_New_Account" name="TC_05_New_Account_With_Initial_Deposit_Have_Special_Character" time="1.869"/>
  <testcase classname="testcases.com.bankguru.account.Account_01_New_Account" name="TC_02_New_Account_With_CustomerId_Have_Special_Character" time="1.039"/>
  <testcase classname="testcases.com.bankguru.account.Account_01_New_Account" name="TC_04_New_Account_With_Initial_Deposit_Have_Character" time="0.597"/>
  <testcase classname="testcases.com.bankguru.account.Account_01_New_Account" name="TC_03_New_Account_With_CustomerId_Have_Character" time="1.139"/>
  <testcase classname="testcases.com.bankguru.account.Account_01_New_Account" name="TC_03_New_Account_With_CustomerId_Have_Character" time="1.114"/>
</testsuite> <!-- testcases.com.bankguru.account.Account_01_New_Account -->
