<?xml version="1.0" encoding="UTF-8"?>
<!-- Generated by org.testng.reporters.JUnitReportReporter -->
<testsuite hostname="DESKTOP-C1IFLQ8" failures="0" tests="8" name="testcases.com.bankguru.account.Account_03_Delete_Account" time="26.446" errors="0" timestamp="05 Oct 2023 14:53:58 GMT" skipped="0">
  <testcase classname="testcases.com.bankguru.account.Account_03_Delete_Account" name="TC_01_Delete_Account_With_Account_Number_Is_Empty" time="6.664"/>
  <testcase classname="testcases.com.bankguru.account.Account_03_Delete_Account" name="TC_02_Delete_Account_With_Account_Number_Have_Character" time="0.943"/>
  <testcase classname="testcases.com.bankguru.account.Account_03_Delete_Account" name="TC_03_Delete_Account_With_Account_Number_Have_Special_Space" time="1.001"/>
  <testcase classname="testcases.com.bankguru.account.Account_03_Delete_Account" name="TC_03_Delete_Account_With_Account_Number_Have_Special_Character" time="0.955"/>
  <testcase classname="testcases.com.bankguru.account.Account_03_Delete_Account" name="TC_03_Delete_Account_With_Account_Number_Have_Special_Space" time="5.408"/>
  <testcase classname="testcases.com.bankguru.account.Account_03_Delete_Account" name="TC_02_Delete_Account_With_Account_Number_Have_Character" time="5.242"/>
  <testcase classname="testcases.com.bankguru.account.Account_03_Delete_Account" name="TC_01_Delete_Account_With_Account_Number_Is_Empty" time="1.000"/>
  <testcase classname="testcases.com.bankguru.account.Account_03_Delete_Account" name="TC_03_Delete_Account_With_Account_Number_Have_Special_Character" time="5.233"/>
</testsuite> <!-- testcases.com.bankguru.account.Account_03_Delete_Account -->
