<?xml version="1.0" encoding="UTF-8"?>
<!-- Generated by org.testng.reporters.JUnitReportReporter -->
<testsuite hostname="DESKTOP-C1IFLQ8" failures="2" tests="10" name="testcases.com.bankguru.customer.Customer_03_Delete_Customer" time="25.817" errors="0" timestamp="05 Oct 2023 14:53:58 GMT" skipped="2">
  <testcase classname="testcases.com.bankguru.customer.Customer_03_Delete_Customer" name="TC_01_Delete_Customer_With_CustomerID_Is_Empty" time="5.254">
    <failure message="expected [Customer ID is required...] but found [Customer ID is required]" type="java.lang.AssertionError">
      <![CDATA[java.lang.AssertionError: expected [Customer ID is required...] but found [Customer ID is required]
at org.testng.Assert.fail(Assert.java:96)
at org.testng.Assert.failNotEquals(Assert.java:776)
at org.testng.Assert.assertEqualsImpl(Assert.java:137)
at org.testng.Assert.assertEquals(Assert.java:118)
at org.testng.Assert.assertEquals(Assert.java:442)
at commons.BaseTest.verifyEquals(BaseTest.java:125)
at testcases.com.bankguru.customer.Customer_03_Delete_Customer.TC_01_Delete_Customer_With_CustomerID_Is_Empty(Customer_03_Delete_Customer.java:101)
at java.base/jdk.internal.reflect.NativeMethodAccessorImpl.invoke0(Native Method)
at java.base/jdk.internal.reflect.NativeMethodAccessorImpl.invoke(NativeMethodAccessorImpl.java:62)
at java.base/jdk.internal.reflect.DelegatingMethodAccessorImpl.invoke(DelegatingMethodAccessorImpl.java:43)
at java.base/java.lang.reflect.Method.invoke(Method.java:566)
at org.testng.internal.MethodInvocationHelper.invokeMethod(MethodInvocationHelper.java:124)
at org.testng.internal.Invoker.invokeMethod(Invoker.java:583)
at org.testng.internal.Invoker.retryFailed(Invoker.java:839)
at org.testng.internal.Invoker.invokeTestMethods(Invoker.java:1010)
at org.testng.internal.TestMethodWorker.invokeTestMethods(TestMethodWorker.java:125)
at org.testng.internal.TestMethodWorker.run(TestMethodWorker.java:109)
at org.testng.TestRunner.privateRun(TestRunner.java:648)
at org.testng.TestRunner.run(TestRunner.java:505)
at org.testng.SuiteRunner.runTest(SuiteRunner.java:455)
at org.testng.SuiteRunner.access$000(SuiteRunner.java:40)
at org.testng.SuiteRunner$SuiteWorker.run(SuiteRunner.java:489)
at org.testng.internal.thread.ThreadUtil$1.call(ThreadUtil.java:52)
at java.base/java.util.concurrent.FutureTask.run(FutureTask.java:264)
at java.base/java.util.concurrent.ThreadPoolExecutor.runWorker(ThreadPoolExecutor.java:1128)
at java.base/java.util.concurrent.ThreadPoolExecutor$Worker.run(ThreadPoolExecutor.java:628)
at java.base/java.lang.Thread.run(Thread.java:834)
]]>
    </failure>
  </testcase> <!-- TC_01_Delete_Customer_With_CustomerID_Is_Empty -->
  <testcase classname="testcases.com.bankguru.customer.Customer_03_Delete_Customer" name="TC_01_Delete_Customer_With_CustomerID_Is_Empty" time="6.328">
    <skipped/>
  </testcase> <!-- TC_01_Delete_Customer_With_CustomerID_Is_Empty -->
  <testcase classname="testcases.com.bankguru.customer.Customer_03_Delete_Customer" name="TC_01_Delete_Customer_With_CustomerID_Is_Empty" time="1.072">
    <failure message="expected [Customer ID is required...] but found [Customer ID is required]" type="java.lang.AssertionError">
      <![CDATA[java.lang.AssertionError: expected [Customer ID is required...] but found [Customer ID is required]
at org.testng.Assert.fail(Assert.java:96)
at org.testng.Assert.failNotEquals(Assert.java:776)
at org.testng.Assert.assertEqualsImpl(Assert.java:137)
at org.testng.Assert.assertEquals(Assert.java:118)
at org.testng.Assert.assertEquals(Assert.java:442)
at commons.BaseTest.verifyEquals(BaseTest.java:125)
at testcases.com.bankguru.customer.Customer_03_Delete_Customer.TC_01_Delete_Customer_With_CustomerID_Is_Empty(Customer_03_Delete_Customer.java:101)
at java.base/jdk.internal.reflect.NativeMethodAccessorImpl.invoke0(Native Method)
at java.base/jdk.internal.reflect.NativeMethodAccessorImpl.invoke(NativeMethodAccessorImpl.java:62)
at java.base/jdk.internal.reflect.DelegatingMethodAccessorImpl.invoke(DelegatingMethodAccessorImpl.java:43)
at java.base/java.lang.reflect.Method.invoke(Method.java:566)
at org.testng.internal.MethodInvocationHelper.invokeMethod(MethodInvocationHelper.java:124)
at org.testng.internal.Invoker.invokeMethod(Invoker.java:583)
at org.testng.internal.Invoker.invokeTestMethod(Invoker.java:719)
at org.testng.internal.Invoker.invokeTestMethods(Invoker.java:989)
at org.testng.internal.TestMethodWorker.invokeTestMethods(TestMethodWorker.java:125)
at org.testng.internal.TestMethodWorker.run(TestMethodWorker.java:109)
at org.testng.TestRunner.privateRun(TestRunner.java:648)
at org.testng.TestRunner.run(TestRunner.java:505)
at org.testng.SuiteRunner.runTest(SuiteRunner.java:455)
at org.testng.SuiteRunner.access$000(SuiteRunner.java:40)
at org.testng.SuiteRunner$SuiteWorker.run(SuiteRunner.java:489)
at org.testng.internal.thread.ThreadUtil$1.call(ThreadUtil.java:52)
at java.base/java.util.concurrent.FutureTask.run(FutureTask.java:264)
at java.base/java.util.concurrent.ThreadPoolExecutor.runWorker(ThreadPoolExecutor.java:1128)
at java.base/java.util.concurrent.ThreadPoolExecutor$Worker.run(ThreadPoolExecutor.java:628)
at java.base/java.lang.Thread.run(Thread.java:834)
]]>
    </failure>
  </testcase> <!-- TC_01_Delete_Customer_With_CustomerID_Is_Empty -->
  <testcase classname="testcases.com.bankguru.customer.Customer_03_Delete_Customer" name="TC_05_Delete_Customer_Successful" time="1.613"/>
  <testcase classname="testcases.com.bankguru.customer.Customer_03_Delete_Customer" name="TC_03_Delete_Customer_With_CustomerID_Have_Special_Character" time="1.174"/>
  <testcase classname="testcases.com.bankguru.customer.Customer_03_Delete_Customer" name="TC_05_Delete_Customer_Successful" time="1.374"/>
  <testcase classname="testcases.com.bankguru.customer.Customer_03_Delete_Customer" name="TC_02_Delete_Customer_With_CustomerID_Have_Character" time="1.131"/>
  <testcase classname="testcases.com.bankguru.customer.Customer_03_Delete_Customer" name="TC_01_Delete_Customer_With_CustomerID_Is_Empty" time="5.256">
    <skipped/>
  </testcase> <!-- TC_01_Delete_Customer_With_CustomerID_Is_Empty -->
  <testcase classname="testcases.com.bankguru.customer.Customer_03_Delete_Customer" name="TC_03_Delete_Customer_With_CustomerID_Have_Special_Character" time="1.036"/>
  <testcase classname="testcases.com.bankguru.customer.Customer_03_Delete_Customer" name="TC_02_Delete_Customer_With_CustomerID_Have_Character" time="1.579"/>
</testsuite> <!-- testcases.com.bankguru.customer.Customer_03_Delete_Customer -->
