<?xml version="1.0" encoding="UTF-8"?>
<!-- Generated by org.testng.reporters.JUnitReportReporter -->
<testsuite hostname="DESKTOP-C1IFLQ8" failures="0" tests="10" name="testcases.com.bankguru.account.Account_01_New_Account" time="0.000" errors="0" timestamp="29 Nov 2023 08:28:09 GMT" skipped="10">
  <testcase classname="testcases.com.bankguru.account.Account_01_New_Account" name="TC_02_New_Account_With_CustomerId_Have_Special_Character" time="0.000">
    <skipped/>
  </testcase> <!-- TC_02_New_Account_With_CustomerId_Have_Special_Character -->
  <testcase classname="testcases.com.bankguru.account.Account_01_New_Account" name="TC_03_New_Account_With_CustomerId_Have_Character" time="0.000">
    <skipped/>
  </testcase> <!-- TC_03_New_Account_With_CustomerId_Have_Character -->
  <testcase classname="testcases.com.bankguru.account.Account_01_New_Account" name="TC_01_New_Account_With_CustomerId_Is_Special_Character" time="0.000">
    <skipped/>
  </testcase> <!-- TC_01_New_Account_With_CustomerId_Is_Special_Character -->
  <testcase classname="testcases.com.bankguru.account.Account_01_New_Account" name="TC_01_New_Account_With_CustomerId_Is_Special_Character" time="0.000">
    <skipped/>
  </testcase> <!-- TC_01_New_Account_With_CustomerId_Is_Special_Character -->
  <testcase classname="testcases.com.bankguru.account.Account_01_New_Account" name="TC_04_New_Account_With_Initial_Deposit_Have_Character" time="0.000">
    <skipped/>
  </testcase> <!-- TC_04_New_Account_With_Initial_Deposit_Have_Character -->
  <testcase classname="testcases.com.bankguru.account.Account_01_New_Account" name="TC_02_New_Account_With_CustomerId_Have_Special_Character" time="0.000">
    <skipped/>
  </testcase> <!-- TC_02_New_Account_With_CustomerId_Have_Special_Character -->
  <testcase classname="testcases.com.bankguru.account.Account_01_New_Account" name="TC_05_New_Account_With_Initial_Deposit_Have_Special_Character" time="0.000">
    <skipped/>
  </testcase> <!-- TC_05_New_Account_With_Initial_Deposit_Have_Special_Character -->
  <testcase classname="testcases.com.bankguru.account.Account_01_New_Account" name="TC_04_New_Account_With_Initial_Deposit_Have_Character" time="0.000">
    <skipped/>
  </testcase> <!-- TC_04_New_Account_With_Initial_Deposit_Have_Character -->
  <testcase classname="testcases.com.bankguru.account.Account_01_New_Account" name="TC_03_New_Account_With_CustomerId_Have_Character" time="0.000">
    <skipped/>
  </testcase> <!-- TC_03_New_Account_With_CustomerId_Have_Character -->
  <testcase classname="testcases.com.bankguru.account.Account_01_New_Account" name="TC_05_New_Account_With_Initial_Deposit_Have_Special_Character" time="0.000">
    <skipped/>
  </testcase> <!-- TC_05_New_Account_With_Initial_Deposit_Have_Special_Character -->
</testsuite> <!-- testcases.com.bankguru.account.Account_01_New_Account -->
