<?xml version="1.0" encoding="UTF-8"?>
<!-- Generated by org.testng.reporters.JUnitReportReporter -->
<testsuite hostname="DESKTOP-C1IFLQ8" failures="0" tests="20" name="testcases.com.bankguru.statement.Customised_Statement" time="49.771" errors="0" timestamp="10 Oct 2023 10:52:52 GMT" skipped="0">
  <testcase classname="testcases.com.bankguru.statement.Customised_Statement" name="TC_09_Customized_Statement_With_Number_Of_Tracsaction_Have_Special_Character" time="1.112"/>
  <testcase classname="testcases.com.bankguru.statement.Customised_Statement" name="TC_01_Customised_Statement_With_Account_Number_Is_Empty" time="0.957"/>
  <testcase classname="testcases.com.bankguru.statement.Customised_Statement" name="TC_04_Customised_Statement_With_Account_Number_Have_Character_Space" time="0.944"/>
  <testcase classname="testcases.com.bankguru.statement.Customised_Statement" name="TC_03_Customised_Statement_With_Account_Number_Have_Special_Character" time="0.935"/>
  <testcase classname="testcases.com.bankguru.statement.Customised_Statement" name="TC_10_Customized_Statement_With_Number_Of_Tracsaction_Have_Character_Space" time="0.987"/>
  <testcase classname="testcases.com.bankguru.statement.Customised_Statement" name="TC_03_Customised_Statement_With_Account_Number_Have_Special_Character" time="5.349"/>
  <testcase classname="testcases.com.bankguru.statement.Customised_Statement" name="TC_06_Customised_Statement_With_Minimum_Transaction_Value_Have_Special_Character" time="1.269"/>
  <testcase classname="testcases.com.bankguru.statement.Customised_Statement" name="TC_02_Customised_Statement_With_Account_Number_Have_Character" time="0.934"/>
  <testcase classname="testcases.com.bankguru.statement.Customised_Statement" name="TC_10_Customized_Statement_With_Number_Of_Tracsaction_Have_Character_Space" time="1.104"/>
  <testcase classname="testcases.com.bankguru.statement.Customised_Statement" name="TC_05_Customised_Statement_With_Minimum_Transaction_Value_Have_Character" time="5.235"/>
  <testcase classname="testcases.com.bankguru.statement.Customised_Statement" name="TC_02_Customised_Statement_With_Account_Number_Have_Character" time="5.222"/>
  <testcase classname="testcases.com.bankguru.statement.Customised_Statement" name="TC_07_Customised_Statement_With_Minimum_Transaction_Value_Have_Character_Space" time="5.078"/>
  <testcase classname="testcases.com.bankguru.statement.Customised_Statement" name="TC_08_Customized_Statement_With_Number_Of_Tracsaction_Have_Character" time="1.614"/>
  <testcase classname="testcases.com.bankguru.statement.Customised_Statement" name="TC_08_Customized_Statement_With_Number_Of_Tracsaction_Have_Character" time="0.944"/>
  <testcase classname="testcases.com.bankguru.statement.Customised_Statement" name="TC_06_Customised_Statement_With_Minimum_Transaction_Value_Have_Special_Character" time="5.216"/>
  <testcase classname="testcases.com.bankguru.statement.Customised_Statement" name="TC_07_Customised_Statement_With_Minimum_Transaction_Value_Have_Character_Space" time="0.959"/>
  <testcase classname="testcases.com.bankguru.statement.Customised_Statement" name="TC_05_Customised_Statement_With_Minimum_Transaction_Value_Have_Character" time="0.949"/>
  <testcase classname="testcases.com.bankguru.statement.Customised_Statement" name="TC_01_Customised_Statement_With_Account_Number_Is_Empty" time="3.967"/>
  <testcase classname="testcases.com.bankguru.statement.Customised_Statement" name="TC_04_Customised_Statement_With_Account_Number_Have_Character_Space" time="5.794"/>
  <testcase classname="testcases.com.bankguru.statement.Customised_Statement" name="TC_09_Customized_Statement_With_Number_Of_Tracsaction_Have_Special_Character" time="1.202"/>
</testsuite> <!-- testcases.com.bankguru.statement.Customised_Statement -->
