<?xml version="1.0" encoding="UTF-8"?>
<!-- Generated by org.testng.reporters.JUnitReportReporter -->
<testsuite hostname="DESKTOP-C1IFLQ8" failures="0" tests="12" name="testcases.com.bankguru.Change_Password" time="29.248" errors="0" timestamp="05 Oct 2023 14:53:58 GMT" skipped="0">
  <testcase classname="testcases.com.bankguru.Change_Password" name="TC_06_Change_Password_With_Confirm_Password_Not_Match_Password" time="0.589"/>
  <testcase classname="testcases.com.bankguru.Change_Password" name="TC_05_Change_Password_With_New_Password_Have_Password_Terms" time="4.089"/>
  <testcase classname="testcases.com.bankguru.Change_Password" name="TC_01_Change_Password_With_Old_Password_Is_Empty" time="3.194"/>
  <testcase classname="testcases.com.bankguru.Change_Password" name="TC_05_Change_Password_With_New_Password_Have_Password_Terms" time="0.725"/>
  <testcase classname="testcases.com.bankguru.Change_Password" name="TC_06_Change_Password_With_Confirm_Password_Not_Match_Password" time="2.166"/>
  <testcase classname="testcases.com.bankguru.Change_Password" name="TC_04_Change_Password_With_New_Password_Have_Not_Special_Character" time="5.224"/>
  <testcase classname="testcases.com.bankguru.Change_Password" name="TC_03_Change_Password_With_New_Password_Have_Not_Number" time="0.688"/>
  <testcase classname="testcases.com.bankguru.Change_Password" name="TC_04_Change_Password_With_New_Password_Have_Not_Special_Character" time="0.692"/>
  <testcase classname="testcases.com.bankguru.Change_Password" name="TC_03_Change_Password_With_New_Password_Have_Not_Number" time="5.212"/>
  <testcase classname="testcases.com.bankguru.Change_Password" name="TC_02_Change_Password_With_New_Password_Is_Empty" time="5.230"/>
  <testcase classname="testcases.com.bankguru.Change_Password" name="TC_01_Change_Password_With_Old_Password_Is_Empty" time="0.725"/>
  <testcase classname="testcases.com.bankguru.Change_Password" name="TC_02_Change_Password_With_New_Password_Is_Empty" time="0.714"/>
</testsuite> <!-- testcases.com.bankguru.Change_Password -->
