<?xml version="1.0" encoding="UTF-8"?>
<!-- Generated by org.testng.reporters.JUnitReportReporter -->
<testsuite hostname="DESKTOP-C1IFLQ8" failures="0" tests="8" name="testcases.com.bankguru.statement.Mini_Statement" time="23.810" errors="0" timestamp="05 Oct 2023 14:53:58 GMT" skipped="0">
  <testcase classname="testcases.com.bankguru.statement.Mini_Statement" name="TC_02_Mini_Statement_With_Account_Number_Have_Character" time="0.943"/>
  <testcase classname="testcases.com.bankguru.statement.Mini_Statement" name="TC_04_Mini_Statement_With_Account_Number_Have_Special_Space" time="5.228"/>
  <testcase classname="testcases.com.bankguru.statement.Mini_Statement" name="TC_03_Mini_Statement_With_Account_Number_Have_Special_Character" time="1.201"/>
  <testcase classname="testcases.com.bankguru.statement.Mini_Statement" name="TC_01_Mini_Statement_With_Account_Number_Is_Empty" time="3.321"/>
  <testcase classname="testcases.com.bankguru.statement.Mini_Statement" name="TC_01_Mini_Statement_With_Account_Number_Is_Empty" time="1.618"/>
  <testcase classname="testcases.com.bankguru.statement.Mini_Statement" name="TC_04_Mini_Statement_With_Account_Number_Have_Special_Space" time="0.950"/>
  <testcase classname="testcases.com.bankguru.statement.Mini_Statement" name="TC_02_Mini_Statement_With_Account_Number_Have_Character" time="5.304"/>
  <testcase classname="testcases.com.bankguru.statement.Mini_Statement" name="TC_03_Mini_Statement_With_Account_Number_Have_Special_Character" time="5.245"/>
</testsuite> <!-- testcases.com.bankguru.statement.Mini_Statement -->
